[0.375s] Invoking command in '/home/icemao/Documents/ROS/ROS2/ros2_learning/build/cpp_pubsub': CMAKE_PREFIX_PATH=/opt/ros/humble CONDA_PROMPT_MODIFIER=(base) /usr/bin/cmake /home/icemao/Documents/ROS/ROS2/ros2_learning/src/cpp_pubsub -DCMAKE_INSTALL_PREFIX=/home/icemao/Documents/ROS/ROS2/ros2_learning/install/cpp_pubsub
[1.995s] -- The C compiler identification is GNU 11.4.0
[1.995s] -- The CXX compiler identification is GNU 11.4.0
[1.995s] -- Detecting C compiler ABI info
[1.995s] -- Detecting C compiler ABI info - done
[1.995s] -- Check for working C compiler: /usr/bin/cc - skipped
[1.995s] -- Detecting C compile features
[1.995s] -- Detecting C compile features - done
[1.995s] -- Detecting CXX compiler ABI info
[1.995s] -- Detecting CXX compiler ABI info - done
[1.995s] -- Check for working CXX compiler: /usr/bin/c++ - skipped
[1.995s] -- Detecting CXX compile features
[1.996s] -- Detecting CXX compile features - done
[1.996s] -- Found ament_cmake: 1.3.5 (/opt/ros/humble/share/ament_cmake/cmake)
[1.996s] -- Found Python3: /usr/bin/python3.10 (found version "3.10.12") found components: Interpreter 
[1.996s] -- Found rclcpp: 16.0.6 (/opt/ros/humble/share/rclcpp/cmake)
[1.996s] -- Found rosidl_generator_c: 3.1.5 (/opt/ros/humble/share/rosidl_generator_c/cmake)
[1.996s] -- Found rosidl_adapter: 3.1.5 (/opt/ros/humble/share/rosidl_adapter/cmake)
[1.996s] -- Found rosidl_generator_cpp: 3.1.5 (/opt/ros/humble/share/rosidl_generator_cpp/cmake)
[1.996s] -- Using all available rosidl_typesupport_c: rosidl_typesupport_fastrtps_c;rosidl_typesupport_introspection_c
[1.997s] -- Using all available rosidl_typesupport_cpp: rosidl_typesupport_fastrtps_cpp;rosidl_typesupport_introspection_cpp
[1.997s] -- Found rmw_implementation_cmake: 6.1.1 (/opt/ros/humble/share/rmw_implementation_cmake/cmake)
[1.997s] -- Found rmw_fastrtps_cpp: 6.2.4 (/opt/ros/humble/share/rmw_fastrtps_cpp/cmake)
[1.997s] -- Found OpenSSL: /usr/lib/x86_64-linux-gnu/libcrypto.so (found version "3.0.2")  
[1.997s] -- Found FastRTPS: /opt/ros/humble/include  
[1.997s] -- Using RMW implementation 'rmw_fastrtps_cpp' as default
[1.997s] -- Looking for pthread.h
[1.997s] -- Looking for pthread.h - found
[1.997s] -- Performing Test CMAKE_HAVE_LIBC_PTHREAD
[1.998s] -- Performing Test CMAKE_HAVE_LIBC_PTHREAD - Success
[1.998s] -- Found Threads: TRUE  
[2.315s] -- Configuring done
[2.343s] -- Generating done
[2.348s] -- Build files have been written to: /home/icemao/Documents/ROS/ROS2/ros2_learning/build/cpp_pubsub
[2.371s] Invoked command in '/home/icemao/Documents/ROS/ROS2/ros2_learning/build/cpp_pubsub' returned '0': CMAKE_PREFIX_PATH=/opt/ros/humble CONDA_PROMPT_MODIFIER=(base) /usr/bin/cmake /home/icemao/Documents/ROS/ROS2/ros2_learning/src/cpp_pubsub -DCMAKE_INSTALL_PREFIX=/home/icemao/Documents/ROS/ROS2/ros2_learning/install/cpp_pubsub
[2.372s] Invoking command in '/home/icemao/Documents/ROS/ROS2/ros2_learning/build/cpp_pubsub': CMAKE_PREFIX_PATH=/opt/ros/humble CONDA_PROMPT_MODIFIER=(base) /usr/bin/cmake --build /home/icemao/Documents/ROS/ROS2/ros2_learning/build/cpp_pubsub -- -j16 -l16
[2.474s] [ 50%] [32mBuilding CXX object CMakeFiles/listener.dir/src/subscriber_member_function.cpp.o[0m
[2.475s] [ 50%] [32mBuilding CXX object CMakeFiles/talker.dir/src/publisher_member_function.cpp.o[0m
[14.837s] [ 75%] [32m[1mLinking CXX executable talker[0m
[15.164s] [ 75%] Built target talker
[19.787s] [100%] [32m[1mLinking CXX executable listener[0m
[20.258s] [100%] Built target listener
[20.272s] Invoked command in '/home/icemao/Documents/ROS/ROS2/ros2_learning/build/cpp_pubsub' returned '0': CMAKE_PREFIX_PATH=/opt/ros/humble CONDA_PROMPT_MODIFIER=(base) /usr/bin/cmake --build /home/icemao/Documents/ROS/ROS2/ros2_learning/build/cpp_pubsub -- -j16 -l16
[20.305s] Invoking command in '/home/icemao/Documents/ROS/ROS2/ros2_learning/build/cpp_pubsub': CMAKE_PREFIX_PATH=/opt/ros/humble CONDA_PROMPT_MODIFIER=(base) /usr/bin/cmake --install /home/icemao/Documents/ROS/ROS2/ros2_learning/build/cpp_pubsub
[20.321s] -- Install configuration: ""
[20.321s] -- Installing: /home/icemao/Documents/ROS/ROS2/ros2_learning/install/cpp_pubsub/lib/cpp_pubsub/talker
[20.322s] -- Set runtime path of "/home/icemao/Documents/ROS/ROS2/ros2_learning/install/cpp_pubsub/lib/cpp_pubsub/talker" to ""
[20.323s] -- Installing: /home/icemao/Documents/ROS/ROS2/ros2_learning/install/cpp_pubsub/lib/cpp_pubsub/listener
[20.326s] -- Set runtime path of "/home/icemao/Documents/ROS/ROS2/ros2_learning/install/cpp_pubsub/lib/cpp_pubsub/listener" to ""
[20.327s] -- Installing: /home/icemao/Documents/ROS/ROS2/ros2_learning/install/cpp_pubsub/share/ament_index/resource_index/package_run_dependencies/cpp_pubsub
[20.327s] -- Installing: /home/icemao/Documents/ROS/ROS2/ros2_learning/install/cpp_pubsub/share/ament_index/resource_index/parent_prefix_path/cpp_pubsub
[20.327s] -- Installing: /home/icemao/Documents/ROS/ROS2/ros2_learning/install/cpp_pubsub/share/cpp_pubsub/environment/ament_prefix_path.sh
[20.327s] -- Installing: /home/icemao/Documents/ROS/ROS2/ros2_learning/install/cpp_pubsub/share/cpp_pubsub/environment/ament_prefix_path.dsv
[20.327s] -- Installing: /home/icemao/Documents/ROS/ROS2/ros2_learning/install/cpp_pubsub/share/cpp_pubsub/environment/path.sh
[20.327s] -- Installing: /home/icemao/Documents/ROS/ROS2/ros2_learning/install/cpp_pubsub/share/cpp_pubsub/environment/path.dsv
[20.328s] -- Installing: /home/icemao/Documents/ROS/ROS2/ros2_learning/install/cpp_pubsub/share/cpp_pubsub/local_setup.bash
[20.328s] -- Installing: /home/icemao/Documents/ROS/ROS2/ros2_learning/install/cpp_pubsub/share/cpp_pubsub/local_setup.sh
[20.328s] -- Installing: /home/icemao/Documents/ROS/ROS2/ros2_learning/install/cpp_pubsub/share/cpp_pubsub/local_setup.zsh
[20.328s] -- Installing: /home/icemao/Documents/ROS/ROS2/ros2_learning/install/cpp_pubsub/share/cpp_pubsub/local_setup.dsv
[20.328s] -- Installing: /home/icemao/Documents/ROS/ROS2/ros2_learning/install/cpp_pubsub/share/cpp_pubsub/package.dsv
[20.328s] -- Installing: /home/icemao/Documents/ROS/ROS2/ros2_learning/install/cpp_pubsub/share/ament_index/resource_index/packages/cpp_pubsub
[20.329s] -- Installing: /home/icemao/Documents/ROS/ROS2/ros2_learning/install/cpp_pubsub/share/cpp_pubsub/cmake/cpp_pubsubConfig.cmake
[20.329s] -- Installing: /home/icemao/Documents/ROS/ROS2/ros2_learning/install/cpp_pubsub/share/cpp_pubsub/cmake/cpp_pubsubConfig-version.cmake
[20.329s] -- Installing: /home/icemao/Documents/ROS/ROS2/ros2_learning/install/cpp_pubsub/share/cpp_pubsub/package.xml
[20.331s] Invoked command in '/home/icemao/Documents/ROS/ROS2/ros2_learning/build/cpp_pubsub' returned '0': CMAKE_PREFIX_PATH=/opt/ros/humble CONDA_PROMPT_MODIFIER=(base) /usr/bin/cmake --install /home/icemao/Documents/ROS/ROS2/ros2_learning/build/cpp_pubsub
