[2.416s] Invoking command in '/home/icemao/Documents/ROS/ROS2/ros2_learning/src/py_pubsub': CONDA_PROMPT_MODIFIER=(base) PYTHONPATH=/home/icemao/Documents/ROS/ROS2/ros2_learning/build/py_pubsub/prefix_override:/home/icemao/Documents/ROS/ROS2/ros2_learning/install/py_pubsub/lib/python3.10/site-packages:${PYTHONPATH} /usr/bin/python3 setup.py egg_info --egg-base ../../build/py_pubsub build --build-base /home/icemao/Documents/ROS/ROS2/ros2_learning/build/py_pubsub/build install --record /home/icemao/Documents/ROS/ROS2/ros2_learning/build/py_pubsub/install.log --single-version-externally-managed
[3.024s] running egg_info
[3.025s] creating ../../build/py_pubsub/py_pubsub.egg-info
[3.026s] writing ../../build/py_pubsub/py_pubsub.egg-info/PKG-INFO
[3.027s] writing dependency_links to ../../build/py_pubsub/py_pubsub.egg-info/dependency_links.txt
[3.027s] writing entry points to ../../build/py_pubsub/py_pubsub.egg-info/entry_points.txt
[3.027s] writing requirements to ../../build/py_pubsub/py_pubsub.egg-info/requires.txt
[3.028s] writing top-level names to ../../build/py_pubsub/py_pubsub.egg-info/top_level.txt
[3.030s] writing manifest file '../../build/py_pubsub/py_pubsub.egg-info/SOURCES.txt'
[3.035s] reading manifest file '../../build/py_pubsub/py_pubsub.egg-info/SOURCES.txt'
[3.037s] writing manifest file '../../build/py_pubsub/py_pubsub.egg-info/SOURCES.txt'
[3.037s] running build
[3.038s] running build_py
[3.038s] creating /home/icemao/Documents/ROS/ROS2/ros2_learning/build/py_pubsub/build
[3.039s] creating /home/icemao/Documents/ROS/ROS2/ros2_learning/build/py_pubsub/build/lib
[3.039s] creating /home/icemao/Documents/ROS/ROS2/ros2_learning/build/py_pubsub/build/lib/py_pubsub
[3.040s] copying py_pubsub/__init__.py -> /home/icemao/Documents/ROS/ROS2/ros2_learning/build/py_pubsub/build/lib/py_pubsub
[3.040s] copying py_pubsub/publisher_member_function.py -> /home/icemao/Documents/ROS/ROS2/ros2_learning/build/py_pubsub/build/lib/py_pubsub
[3.040s] copying py_pubsub/subscriber_member_function.py -> /home/icemao/Documents/ROS/ROS2/ros2_learning/build/py_pubsub/build/lib/py_pubsub
[3.040s] running install
[3.041s] running install_lib
[3.041s] creating /home/icemao/Documents/ROS/ROS2/ros2_learning/install/py_pubsub/lib/python3.10/site-packages/py_pubsub
[3.042s] copying /home/icemao/Documents/ROS/ROS2/ros2_learning/build/py_pubsub/build/lib/py_pubsub/__init__.py -> /home/icemao/Documents/ROS/ROS2/ros2_learning/install/py_pubsub/lib/python3.10/site-packages/py_pubsub
[3.042s] copying /home/icemao/Documents/ROS/ROS2/ros2_learning/build/py_pubsub/build/lib/py_pubsub/publisher_member_function.py -> /home/icemao/Documents/ROS/ROS2/ros2_learning/install/py_pubsub/lib/python3.10/site-packages/py_pubsub
[3.042s] copying /home/icemao/Documents/ROS/ROS2/ros2_learning/build/py_pubsub/build/lib/py_pubsub/subscriber_member_function.py -> /home/icemao/Documents/ROS/ROS2/ros2_learning/install/py_pubsub/lib/python3.10/site-packages/py_pubsub
[3.043s] byte-compiling /home/icemao/Documents/ROS/ROS2/ros2_learning/install/py_pubsub/lib/python3.10/site-packages/py_pubsub/__init__.py to __init__.cpython-310.pyc
[3.043s] byte-compiling /home/icemao/Documents/ROS/ROS2/ros2_learning/install/py_pubsub/lib/python3.10/site-packages/py_pubsub/publisher_member_function.py to publisher_member_function.cpython-310.pyc
[3.044s] byte-compiling /home/icemao/Documents/ROS/ROS2/ros2_learning/install/py_pubsub/lib/python3.10/site-packages/py_pubsub/subscriber_member_function.py to subscriber_member_function.cpython-310.pyc
[3.045s] running install_data
[3.047s] creating /home/icemao/Documents/ROS/ROS2/ros2_learning/install/py_pubsub/share/ament_index
[3.047s] creating /home/icemao/Documents/ROS/ROS2/ros2_learning/install/py_pubsub/share/ament_index/resource_index
[3.047s] creating /home/icemao/Documents/ROS/ROS2/ros2_learning/install/py_pubsub/share/ament_index/resource_index/packages
[3.047s] copying resource/py_pubsub -> /home/icemao/Documents/ROS/ROS2/ros2_learning/install/py_pubsub/share/ament_index/resource_index/packages
[3.047s] copying package.xml -> /home/icemao/Documents/ROS/ROS2/ros2_learning/install/py_pubsub/share/py_pubsub
[3.048s] running install_egg_info
[3.052s] Copying ../../build/py_pubsub/py_pubsub.egg-info to /home/icemao/Documents/ROS/ROS2/ros2_learning/install/py_pubsub/lib/python3.10/site-packages/py_pubsub-0.0.0-py3.10.egg-info
[3.053s] running install_scripts
[3.102s] Installing listener script to /home/icemao/Documents/ROS/ROS2/ros2_learning/install/py_pubsub/lib/py_pubsub
[3.102s] Installing talker script to /home/icemao/Documents/ROS/ROS2/ros2_learning/install/py_pubsub/lib/py_pubsub
[3.102s] writing list of installed files to '/home/icemao/Documents/ROS/ROS2/ros2_learning/build/py_pubsub/install.log'
[3.161s] Invoked command in '/home/icemao/Documents/ROS/ROS2/ros2_learning/src/py_pubsub' returned '0': CONDA_PROMPT_MODIFIER=(base) PYTHONPATH=/home/icemao/Documents/ROS/ROS2/ros2_learning/build/py_pubsub/prefix_override:/home/icemao/Documents/ROS/ROS2/ros2_learning/install/py_pubsub/lib/python3.10/site-packages:${PYTHONPATH} /usr/bin/python3 setup.py egg_info --egg-base ../../build/py_pubsub build --build-base /home/icemao/Documents/ROS/ROS2/ros2_learning/build/py_pubsub/build install --record /home/icemao/Documents/ROS/ROS2/ros2_learning/build/py_pubsub/install.log --single-version-externally-managed
