running egg_info
creating ../../build/py_parameters/py_parameters.egg-info
writing ../../build/py_parameters/py_parameters.egg-info/PKG-INFO
writing dependency_links to ../../build/py_parameters/py_parameters.egg-info/dependency_links.txt
writing entry points to ../../build/py_parameters/py_parameters.egg-info/entry_points.txt
writing requirements to ../../build/py_parameters/py_parameters.egg-info/requires.txt
writing top-level names to ../../build/py_parameters/py_parameters.egg-info/top_level.txt
writing manifest file '../../build/py_parameters/py_parameters.egg-info/SOURCES.txt'
reading manifest file '../../build/py_parameters/py_parameters.egg-info/SOURCES.txt'
writing manifest file '../../build/py_parameters/py_parameters.egg-info/SOURCES.txt'
running build
running build_py
creating /home/icemao/Documents/ROS/ROS2/ros2_learning/build/py_parameters/build
creating /home/icemao/Documents/ROS/ROS2/ros2_learning/build/py_parameters/build/lib
creating /home/icemao/Documents/ROS/ROS2/ros2_learning/build/py_parameters/build/lib/py_parameters
copying py_parameters/__init__.py -> /home/icemao/Documents/ROS/ROS2/ros2_learning/build/py_parameters/build/lib/py_parameters
copying py_parameters/py_parameters_node.py -> /home/icemao/Documents/ROS/ROS2/ros2_learning/build/py_parameters/build/lib/py_parameters
running install
running install_lib
creating /home/icemao/Documents/ROS/ROS2/ros2_learning/install/py_parameters/lib/python3.10/site-packages/py_parameters
copying /home/icemao/Documents/ROS/ROS2/ros2_learning/build/py_parameters/build/lib/py_parameters/__init__.py -> /home/icemao/Documents/ROS/ROS2/ros2_learning/install/py_parameters/lib/python3.10/site-packages/py_parameters
copying /home/icemao/Documents/ROS/ROS2/ros2_learning/build/py_parameters/build/lib/py_parameters/py_parameters_node.py -> /home/icemao/Documents/ROS/ROS2/ros2_learning/install/py_parameters/lib/python3.10/site-packages/py_parameters
byte-compiling /home/icemao/Documents/ROS/ROS2/ros2_learning/install/py_parameters/lib/python3.10/site-packages/py_parameters/__init__.py to __init__.cpython-310.pyc
byte-compiling /home/icemao/Documents/ROS/ROS2/ros2_learning/install/py_parameters/lib/python3.10/site-packages/py_parameters/py_parameters_node.py to py_parameters_node.cpython-310.pyc
running install_data
creating /home/icemao/Documents/ROS/ROS2/ros2_learning/install/py_parameters/share/ament_index
creating /home/icemao/Documents/ROS/ROS2/ros2_learning/install/py_parameters/share/ament_index/resource_index
creating /home/icemao/Documents/ROS/ROS2/ros2_learning/install/py_parameters/share/ament_index/resource_index/packages
copying resource/py_parameters -> /home/icemao/Documents/ROS/ROS2/ros2_learning/install/py_parameters/share/ament_index/resource_index/packages
copying package.xml -> /home/icemao/Documents/ROS/ROS2/ros2_learning/install/py_parameters/share/py_parameters
copying launch/py_parameters_launch.py -> /home/icemao/Documents/ROS/ROS2/ros2_learning/install/py_parameters/share/py_parameters
running install_egg_info
Copying ../../build/py_parameters/py_parameters.egg-info to /home/icemao/Documents/ROS/ROS2/ros2_learning/install/py_parameters/lib/python3.10/site-packages/py_parameters-0.0.0-py3.10.egg-info
running install_scripts
Installing minimal_param_node script to /home/icemao/Documents/ROS/ROS2/ros2_learning/install/py_parameters/lib/py_parameters
writing list of installed files to '/home/icemao/Documents/ROS/ROS2/ros2_learning/build/py_parameters/install.log'
