[0.507s] Invoking command in '/home/icemao/Documents/ROS/ROS2/ros2_learning/build/interfaces': CMAKE_PREFIX_PATH=/opt/ros/humble CONDA_PROMPT_MODIFIER=(base) /usr/bin/cmake /home/icemao/Documents/ROS/ROS2/ros2_learning/src/interfaces -DCMAKE_INSTALL_PREFIX=/home/icemao/Documents/ROS/ROS2/ros2_learning/install/interfaces
[2.106s] -- The C compiler identification is GNU 11.4.0
[2.107s] -- The CXX compiler identification is GNU 11.4.0
[2.109s] -- Detecting C compiler ABI info
[2.109s] -- Detecting C compiler ABI info - done
[2.109s] -- Check for working C compiler: /usr/bin/cc - skipped
[2.110s] -- Detecting C compile features
[2.110s] -- Detecting C compile features - done
[2.110s] -- Detecting CXX compiler ABI info
[2.110s] -- Detecting CXX compiler ABI info - done
[2.111s] -- Check for working CXX compiler: /usr/bin/c++ - skipped
[2.112s] -- Detecting CXX compile features
[2.113s] -- Detecting CXX compile features - done
[2.114s] -- Found ament_cmake: 1.3.5 (/opt/ros/humble/share/ament_cmake/cmake)
[2.116s] -- Found Python3: /usr/bin/python3.10 (found version "3.10.12") found components: Interpreter 
[2.118s] -- Found geometry_msgs: 4.2.3 (/opt/ros/humble/share/geometry_msgs/cmake)
[2.118s] -- Found rosidl_generator_c: 3.1.5 (/opt/ros/humble/share/rosidl_generator_c/cmake)
[2.119s] -- Found rosidl_adapter: 3.1.5 (/opt/ros/humble/share/rosidl_adapter/cmake)
[2.119s] -- Found rosidl_generator_cpp: 3.1.5 (/opt/ros/humble/share/rosidl_generator_cpp/cmake)
[2.120s] -- Using all available rosidl_typesupport_c: rosidl_typesupport_fastrtps_c;rosidl_typesupport_introspection_c
[2.120s] -- Using all available rosidl_typesupport_cpp: rosidl_typesupport_fastrtps_cpp;rosidl_typesupport_introspection_cpp
[2.121s] -- Found rosidl_default_generators: 1.2.0 (/opt/ros/humble/share/rosidl_default_generators/cmake)
[2.149s] -- Found ament_cmake_ros: 0.10.0 (/opt/ros/humble/share/ament_cmake_ros/cmake)
[3.162s] -- Using all available rosidl_typesupport_c: rosidl_typesupport_fastrtps_c;rosidl_typesupport_introspection_c
[3.613s] -- Using all available rosidl_typesupport_cpp: rosidl_typesupport_fastrtps_cpp;rosidl_typesupport_introspection_cpp
[3.672s] -- Found PythonInterp: /home/icemao/anaconda3/bin/python3 (found suitable version "3.9.7", minimum required is "3.6") 
[3.674s] -- Found python_cmake_module: 0.10.0 (/opt/ros/humble/share/python_cmake_module/cmake)
[3.734s] -- Found PythonLibs: /home/icemao/anaconda3/lib/libpython3.9.so (found suitable version "3.9.7", minimum required is "3.5") 
[3.735s] -- Using PYTHON_EXECUTABLE: /home/icemao/anaconda3/bin/python3
[3.736s] -- Using PYTHON_INCLUDE_DIRS: /home/icemao/anaconda3/include/python3.9
[3.737s] -- Using PYTHON_LIBRARIES: /home/icemao/anaconda3/lib/libpython3.9.so
[3.806s] -- Found PythonExtra: .so  
[3.965s] -- Found ament_lint_auto: 0.12.8 (/opt/ros/humble/share/ament_lint_auto/cmake)
[3.994s] -- Added test 'lint_cmake' to check CMake code style
[3.997s] -- Added test 'xmllint' to check XML markup files
[4.002s] -- Configuring done
[4.087s] -- Generating done
[4.091s] -- Build files have been written to: /home/icemao/Documents/ROS/ROS2/ros2_learning/build/interfaces
[4.107s] Invoked command in '/home/icemao/Documents/ROS/ROS2/ros2_learning/build/interfaces' returned '0': CMAKE_PREFIX_PATH=/opt/ros/humble CONDA_PROMPT_MODIFIER=(base) /usr/bin/cmake /home/icemao/Documents/ROS/ROS2/ros2_learning/src/interfaces -DCMAKE_INSTALL_PREFIX=/home/icemao/Documents/ROS/ROS2/ros2_learning/install/interfaces
[4.110s] Invoking command in '/home/icemao/Documents/ROS/ROS2/ros2_learning/build/interfaces': CMAKE_PREFIX_PATH=/opt/ros/humble CONDA_PROMPT_MODIFIER=(base) /usr/bin/cmake --build /home/icemao/Documents/ROS/ROS2/ros2_learning/build/interfaces -- -j16 -l16
[4.186s] [  1%] [34m[1mGenerating C code for ROS interfaces[0m
[4.206s] [  3%] [34m[1mGenerating C++ code for ROS interfaces[0m
[4.231s] [  3%] Built target ament_cmake_python_copy_interfaces
[4.976s] running egg_info
[4.985s] creating interfaces.egg-info
[4.985s] writing interfaces.egg-info/PKG-INFO
[4.986s] writing dependency_links to interfaces.egg-info/dependency_links.txt
[4.986s] writing top-level names to interfaces.egg-info/top_level.txt
[4.986s] writing manifest file 'interfaces.egg-info/SOURCES.txt'
[4.988s] reading manifest file 'interfaces.egg-info/SOURCES.txt'
[4.988s] writing manifest file 'interfaces.egg-info/SOURCES.txt'
[5.047s] [  3%] Built target ament_cmake_python_build_interfaces_egg
[6.244s] [  3%] Built target interfaces__cpp
[6.295s] [  5%] [34m[1mGenerating C++ type support for eProsima Fast-RTPS[0m
[6.316s] [  7%] [34m[1mGenerating C++ type support dispatch for ROS interfaces[0m
[6.325s] [  9%] [34m[1mGenerating C++ introspection for ROS interfaces[0m
[6.599s] [ 10%] [32mBuilding C object CMakeFiles/interfaces__rosidl_generator_c.dir/rosidl_generator_c/interfaces/msg/detail/num__functions.c.o[0m
[6.607s] [ 12%] [32mBuilding C object CMakeFiles/interfaces__rosidl_generator_c.dir/rosidl_generator_c/interfaces/msg/detail/sphere__functions.c.o[0m
[6.627s] [ 14%] [32mBuilding C object CMakeFiles/interfaces__rosidl_generator_c.dir/rosidl_generator_c/interfaces/action/detail/fibonacci__functions.c.o[0m
[6.649s] [ 16%] [32mBuilding C object CMakeFiles/interfaces__rosidl_generator_c.dir/rosidl_generator_c/interfaces/srv/detail/add_three_ints__functions.c.o[0m
[7.131s] [ 18%] [32m[1mLinking C shared library libinterfaces__rosidl_generator_c.so[0m
[7.248s] [ 18%] Built target interfaces__rosidl_generator_c
[7.280s] [ 20%] [34m[1mGenerating C type support for eProsima Fast-RTPS[0m
[7.285s] [ 23%] [34m[1mGenerating C type support dispatch for ROS interfaces[0m
[7.286s] [ 23%] [34m[1mGenerating C introspection for ROS interfaces[0m
[7.817s] [ 25%] [32mBuilding CXX object CMakeFiles/interfaces__rosidl_typesupport_cpp.dir/rosidl_typesupport_cpp/interfaces/msg/sphere__type_support.cpp.o[0m
[7.826s] [ 27%] [32mBuilding CXX object CMakeFiles/interfaces__rosidl_typesupport_cpp.dir/rosidl_typesupport_cpp/interfaces/action/fibonacci__type_support.cpp.o[0m
[7.843s] [ 29%] [32mBuilding CXX object CMakeFiles/interfaces__rosidl_typesupport_cpp.dir/rosidl_typesupport_cpp/interfaces/srv/add_three_ints__type_support.cpp.o[0m
[7.850s] [ 30%] [32mBuilding CXX object CMakeFiles/interfaces__rosidl_typesupport_cpp.dir/rosidl_typesupport_cpp/interfaces/msg/num__type_support.cpp.o[0m
[8.256s] [ 32%] [32mBuilding CXX object CMakeFiles/interfaces__rosidl_typesupport_introspection_cpp.dir/rosidl_typesupport_introspection_cpp/interfaces/msg/detail/num__type_support.cpp.o[0m
[8.291s] [ 34%] [32mBuilding CXX object CMakeFiles/interfaces__rosidl_typesupport_introspection_cpp.dir/rosidl_typesupport_introspection_cpp/interfaces/msg/detail/sphere__type_support.cpp.o[0m
[8.295s] [ 36%] [32mBuilding CXX object CMakeFiles/interfaces__rosidl_typesupport_introspection_cpp.dir/rosidl_typesupport_introspection_cpp/interfaces/action/detail/fibonacci__type_support.cpp.o[0m
[8.315s] [ 38%] [32mBuilding CXX object CMakeFiles/interfaces__rosidl_typesupport_introspection_cpp.dir/rosidl_typesupport_introspection_cpp/interfaces/srv/detail/add_three_ints__type_support.cpp.o[0m
[8.410s] [ 40%] [32mBuilding CXX object CMakeFiles/interfaces__rosidl_typesupport_fastrtps_cpp.dir/rosidl_typesupport_fastrtps_cpp/interfaces/msg/detail/dds_fastrtps/num__type_support.cpp.o[0m
[8.426s] [ 41%] [32mBuilding CXX object CMakeFiles/interfaces__rosidl_typesupport_fastrtps_cpp.dir/rosidl_typesupport_fastrtps_cpp/interfaces/msg/detail/dds_fastrtps/sphere__type_support.cpp.o[0m
[8.444s] [ 43%] [32mBuilding CXX object CMakeFiles/interfaces__rosidl_typesupport_fastrtps_cpp.dir/rosidl_typesupport_fastrtps_cpp/interfaces/srv/detail/dds_fastrtps/add_three_ints__type_support.cpp.o[0m
[8.473s] [ 45%] [32mBuilding CXX object CMakeFiles/interfaces__rosidl_typesupport_fastrtps_cpp.dir/rosidl_typesupport_fastrtps_cpp/interfaces/action/detail/dds_fastrtps/fibonacci__type_support.cpp.o[0m
[8.720s] [ 47%] [32mBuilding CXX object CMakeFiles/interfaces__rosidl_typesupport_c.dir/rosidl_typesupport_c/interfaces/msg/num__type_support.cpp.o[0m
[8.721s] [ 49%] [32mBuilding CXX object CMakeFiles/interfaces__rosidl_typesupport_c.dir/rosidl_typesupport_c/interfaces/msg/sphere__type_support.cpp.o[0m
[8.822s] [ 50%] [32mBuilding CXX object CMakeFiles/interfaces__rosidl_typesupport_c.dir/rosidl_typesupport_c/interfaces/srv/add_three_ints__type_support.cpp.o[0m
[8.921s] [ 52%] [32mBuilding CXX object CMakeFiles/interfaces__rosidl_typesupport_c.dir/rosidl_typesupport_c/interfaces/action/fibonacci__type_support.cpp.o[0m
[9.248s] [ 54%] [32m[1mLinking CXX shared library libinterfaces__rosidl_typesupport_c.so[0m
[9.272s] [ 56%] [32mBuilding C object CMakeFiles/interfaces__rosidl_typesupport_introspection_c.dir/rosidl_typesupport_introspection_c/interfaces/msg/detail/num__type_support.c.o[0m
[9.298s] [ 58%] [32mBuilding C object CMakeFiles/interfaces__rosidl_typesupport_introspection_c.dir/rosidl_typesupport_introspection_c/interfaces/srv/detail/add_three_ints__type_support.c.o[0m
[9.308s] [ 60%] [32mBuilding C object CMakeFiles/interfaces__rosidl_typesupport_introspection_c.dir/rosidl_typesupport_introspection_c/interfaces/msg/detail/sphere__type_support.c.o[0m
[9.385s] [ 61%] [32mBuilding C object CMakeFiles/interfaces__rosidl_typesupport_introspection_c.dir/rosidl_typesupport_introspection_c/interfaces/action/detail/fibonacci__type_support.c.o[0m
[9.592s] [ 61%] Built target interfaces__rosidl_typesupport_c
[9.722s] [ 63%] [32mBuilding CXX object CMakeFiles/interfaces__rosidl_typesupport_fastrtps_c.dir/rosidl_typesupport_fastrtps_c/interfaces/msg/detail/num__type_support_c.cpp.o[0m
[9.732s] [ 65%] [32mBuilding CXX object CMakeFiles/interfaces__rosidl_typesupport_fastrtps_c.dir/rosidl_typesupport_fastrtps_c/interfaces/msg/detail/sphere__type_support_c.cpp.o[0m
[9.740s] [ 67%] [32mBuilding CXX object CMakeFiles/interfaces__rosidl_typesupport_fastrtps_c.dir/rosidl_typesupport_fastrtps_c/interfaces/srv/detail/add_three_ints__type_support_c.cpp.o[0m
[9.768s] [ 69%] [32mBuilding CXX object CMakeFiles/interfaces__rosidl_typesupport_fastrtps_c.dir/rosidl_typesupport_fastrtps_c/interfaces/action/detail/fibonacci__type_support_c.cpp.o[0m
[9.791s] [ 70%] [32m[1mLinking C shared library libinterfaces__rosidl_typesupport_introspection_c.so[0m
[10.076s] [ 70%] Built target interfaces__rosidl_typesupport_introspection_c
[10.831s] [ 72%] [32m[1mLinking CXX shared library libinterfaces__rosidl_typesupport_cpp.so[0m
[11.038s] [ 72%] Built target interfaces__rosidl_typesupport_cpp
[11.081s] [ 74%] [32m[1mLinking CXX shared library libinterfaces__rosidl_typesupport_fastrtps_cpp.so[0m
[11.435s] [ 74%] Built target interfaces__rosidl_typesupport_fastrtps_cpp
[11.472s] [ 76%] [32m[1mLinking CXX shared library libinterfaces__rosidl_typesupport_introspection_cpp.so[0m
[11.653s] [ 76%] Built target interfaces__rosidl_typesupport_introspection_cpp
[11.957s] [ 78%] [32m[1mLinking CXX shared library libinterfaces__rosidl_typesupport_fastrtps_c.so[0m
[12.129s] [ 78%] Built target interfaces__rosidl_typesupport_fastrtps_c
[12.163s] [ 78%] Built target interfaces
[12.198s] [ 80%] [34m[1mGenerating Python code for ROS interfaces[0m
[14.407s] [ 80%] Built target interfaces__py
[14.436s] [ 85%] [32mBuilding C object CMakeFiles/interfaces__rosidl_generator_py.dir/rosidl_generator_py/interfaces/srv/_add_three_ints_s.c.o[0m
[14.436s] [ 85%] [32mBuilding C object CMakeFiles/interfaces__rosidl_generator_py.dir/rosidl_generator_py/interfaces/msg/_sphere_s.c.o[0m
[14.437s] [ 85%] [32mBuilding C object CMakeFiles/interfaces__rosidl_generator_py.dir/rosidl_generator_py/interfaces/msg/_num_s.c.o[0m
[14.442s] [ 87%] [32mBuilding C object CMakeFiles/interfaces__rosidl_generator_py.dir/rosidl_generator_py/interfaces/action/_fibonacci_s.c.o[0m
[14.757s] [ 89%] [32m[1mLinking C shared library rosidl_generator_py/interfaces/libinterfaces__rosidl_generator_py.so[0m
[14.822s] [ 89%] Built target interfaces__rosidl_generator_py
[14.852s] [ 90%] [32mBuilding C object CMakeFiles/interfaces__rosidl_typesupport_c__pyext.dir/rosidl_generator_py/interfaces/_interfaces_s.ep.rosidl_typesupport_c.c.o[0m
[14.855s] [ 92%] [32mBuilding C object CMakeFiles/interfaces__rosidl_typesupport_introspection_c__pyext.dir/rosidl_generator_py/interfaces/_interfaces_s.ep.rosidl_typesupport_introspection_c.c.o[0m
[14.855s] [ 94%] [32mBuilding C object CMakeFiles/interfaces__rosidl_typesupport_fastrtps_c__pyext.dir/rosidl_generator_py/interfaces/_interfaces_s.ep.rosidl_typesupport_fastrtps_c.c.o[0m
[15.067s] [ 96%] [32m[1mLinking C shared library rosidl_generator_py/interfaces/interfaces_s__rosidl_typesupport_c.cpython-39-x86_64-linux-gnu.so[0m
[15.071s] [ 98%] [32m[1mLinking C shared library rosidl_generator_py/interfaces/interfaces_s__rosidl_typesupport_fastrtps_c.cpython-39-x86_64-linux-gnu.so[0m
[15.077s] [100%] [32m[1mLinking C shared library rosidl_generator_py/interfaces/interfaces_s__rosidl_typesupport_introspection_c.cpython-39-x86_64-linux-gnu.so[0m
[15.138s] [100%] Built target interfaces__rosidl_typesupport_c__pyext
[15.141s] [100%] Built target interfaces__rosidl_typesupport_fastrtps_c__pyext
[15.158s] [100%] Built target interfaces__rosidl_typesupport_introspection_c__pyext
[15.177s] Invoked command in '/home/icemao/Documents/ROS/ROS2/ros2_learning/build/interfaces' returned '0': CMAKE_PREFIX_PATH=/opt/ros/humble CONDA_PROMPT_MODIFIER=(base) /usr/bin/cmake --build /home/icemao/Documents/ROS/ROS2/ros2_learning/build/interfaces -- -j16 -l16
[15.375s] Invoking command in '/home/icemao/Documents/ROS/ROS2/ros2_learning/build/interfaces': CMAKE_PREFIX_PATH=/opt/ros/humble CONDA_PROMPT_MODIFIER=(base) /usr/bin/cmake --install /home/icemao/Documents/ROS/ROS2/ros2_learning/build/interfaces
[15.385s] -- Install configuration: ""
[15.385s] -- Installing: /home/icemao/Documents/ROS/ROS2/ros2_learning/install/interfaces/share/ament_index/resource_index/rosidl_interfaces/interfaces
[15.386s] -- Installing: /home/icemao/Documents/ROS/ROS2/ros2_learning/install/interfaces/include/interfaces/interfaces
[15.386s] -- Installing: /home/icemao/Documents/ROS/ROS2/ros2_learning/install/interfaces/include/interfaces/interfaces/action
[15.386s] -- Installing: /home/icemao/Documents/ROS/ROS2/ros2_learning/install/interfaces/include/interfaces/interfaces/action/detail
[15.386s] -- Installing: /home/icemao/Documents/ROS/ROS2/ros2_learning/install/interfaces/include/interfaces/interfaces/action/detail/fibonacci__functions.c
[15.386s] -- Installing: /home/icemao/Documents/ROS/ROS2/ros2_learning/install/interfaces/include/interfaces/interfaces/action/detail/fibonacci__type_support.h
[15.386s] -- Installing: /home/icemao/Documents/ROS/ROS2/ros2_learning/install/interfaces/include/interfaces/interfaces/action/detail/fibonacci__functions.h
[15.387s] -- Installing: /home/icemao/Documents/ROS/ROS2/ros2_learning/install/interfaces/include/interfaces/interfaces/action/detail/fibonacci__struct.h
[15.387s] -- Installing: /home/icemao/Documents/ROS/ROS2/ros2_learning/install/interfaces/include/interfaces/interfaces/action/fibonacci.h
[15.387s] -- Installing: /home/icemao/Documents/ROS/ROS2/ros2_learning/install/interfaces/include/interfaces/interfaces/msg
[15.388s] -- Installing: /home/icemao/Documents/ROS/ROS2/ros2_learning/install/interfaces/include/interfaces/interfaces/msg/detail
[15.388s] -- Installing: /home/icemao/Documents/ROS/ROS2/ros2_learning/install/interfaces/include/interfaces/interfaces/msg/detail/sphere__functions.h
[15.388s] -- Installing: /home/icemao/Documents/ROS/ROS2/ros2_learning/install/interfaces/include/interfaces/interfaces/msg/detail/sphere__type_support.h
[15.389s] -- Installing: /home/icemao/Documents/ROS/ROS2/ros2_learning/install/interfaces/include/interfaces/interfaces/msg/detail/sphere__functions.c
[15.389s] -- Installing: /home/icemao/Documents/ROS/ROS2/ros2_learning/install/interfaces/include/interfaces/interfaces/msg/detail/sphere__struct.h
[15.389s] -- Installing: /home/icemao/Documents/ROS/ROS2/ros2_learning/install/interfaces/include/interfaces/interfaces/msg/detail/num__functions.h
[15.389s] -- Installing: /home/icemao/Documents/ROS/ROS2/ros2_learning/install/interfaces/include/interfaces/interfaces/msg/detail/num__functions.c
[15.389s] -- Installing: /home/icemao/Documents/ROS/ROS2/ros2_learning/install/interfaces/include/interfaces/interfaces/msg/detail/num__struct.h
[15.389s] -- Installing: /home/icemao/Documents/ROS/ROS2/ros2_learning/install/interfaces/include/interfaces/interfaces/msg/detail/num__type_support.h
[15.390s] -- Installing: /home/icemao/Documents/ROS/ROS2/ros2_learning/install/interfaces/include/interfaces/interfaces/msg/rosidl_generator_c__visibility_control.h
[15.390s] -- Installing: /home/icemao/Documents/ROS/ROS2/ros2_learning/install/interfaces/include/interfaces/interfaces/msg/sphere.h
[15.390s] -- Installing: /home/icemao/Documents/ROS/ROS2/ros2_learning/install/interfaces/include/interfaces/interfaces/msg/num.h
[15.390s] -- Installing: /home/icemao/Documents/ROS/ROS2/ros2_learning/install/interfaces/include/interfaces/interfaces/srv
[15.391s] -- Installing: /home/icemao/Documents/ROS/ROS2/ros2_learning/install/interfaces/include/interfaces/interfaces/srv/detail
[15.391s] -- Installing: /home/icemao/Documents/ROS/ROS2/ros2_learning/install/interfaces/include/interfaces/interfaces/srv/detail/add_three_ints__type_support.h
[15.391s] -- Installing: /home/icemao/Documents/ROS/ROS2/ros2_learning/install/interfaces/include/interfaces/interfaces/srv/detail/add_three_ints__struct.h
[15.391s] -- Installing: /home/icemao/Documents/ROS/ROS2/ros2_learning/install/interfaces/include/interfaces/interfaces/srv/detail/add_three_ints__functions.h
[15.391s] -- Installing: /home/icemao/Documents/ROS/ROS2/ros2_learning/install/interfaces/include/interfaces/interfaces/srv/detail/add_three_ints__functions.c
[15.392s] -- Installing: /home/icemao/Documents/ROS/ROS2/ros2_learning/install/interfaces/include/interfaces/interfaces/srv/add_three_ints.h
[15.392s] -- Installing: /home/icemao/Documents/ROS/ROS2/ros2_learning/install/interfaces/share/interfaces/environment/library_path.sh
[15.392s] -- Installing: /home/icemao/Documents/ROS/ROS2/ros2_learning/install/interfaces/share/interfaces/environment/library_path.dsv
[15.392s] -- Installing: /home/icemao/Documents/ROS/ROS2/ros2_learning/install/interfaces/lib/libinterfaces__rosidl_generator_c.so
[15.392s] -- Set runtime path of "/home/icemao/Documents/ROS/ROS2/ros2_learning/install/interfaces/lib/libinterfaces__rosidl_generator_c.so" to ""
[15.392s] -- Up-to-date: /home/icemao/Documents/ROS/ROS2/ros2_learning/install/interfaces/include/interfaces/interfaces
[15.392s] -- Up-to-date: /home/icemao/Documents/ROS/ROS2/ros2_learning/install/interfaces/include/interfaces/interfaces/action
[15.393s] -- Up-to-date: /home/icemao/Documents/ROS/ROS2/ros2_learning/install/interfaces/include/interfaces/interfaces/action/detail
[15.393s] -- Installing: /home/icemao/Documents/ROS/ROS2/ros2_learning/install/interfaces/include/interfaces/interfaces/action/detail/fibonacci__rosidl_typesupport_fastrtps_c.h
[15.393s] -- Up-to-date: /home/icemao/Documents/ROS/ROS2/ros2_learning/install/interfaces/include/interfaces/interfaces/msg
[15.393s] -- Up-to-date: /home/icemao/Documents/ROS/ROS2/ros2_learning/install/interfaces/include/interfaces/interfaces/msg/detail
[15.393s] -- Installing: /home/icemao/Documents/ROS/ROS2/ros2_learning/install/interfaces/include/interfaces/interfaces/msg/detail/sphere__rosidl_typesupport_fastrtps_c.h
[15.393s] -- Installing: /home/icemao/Documents/ROS/ROS2/ros2_learning/install/interfaces/include/interfaces/interfaces/msg/detail/num__rosidl_typesupport_fastrtps_c.h
[15.393s] -- Installing: /home/icemao/Documents/ROS/ROS2/ros2_learning/install/interfaces/include/interfaces/interfaces/msg/rosidl_typesupport_fastrtps_c__visibility_control.h
[15.394s] -- Up-to-date: /home/icemao/Documents/ROS/ROS2/ros2_learning/install/interfaces/include/interfaces/interfaces/srv
[15.394s] -- Up-to-date: /home/icemao/Documents/ROS/ROS2/ros2_learning/install/interfaces/include/interfaces/interfaces/srv/detail
[15.394s] -- Installing: /home/icemao/Documents/ROS/ROS2/ros2_learning/install/interfaces/include/interfaces/interfaces/srv/detail/add_three_ints__rosidl_typesupport_fastrtps_c.h
[15.394s] -- Installing: /home/icemao/Documents/ROS/ROS2/ros2_learning/install/interfaces/lib/libinterfaces__rosidl_typesupport_fastrtps_c.so
[15.394s] -- Set runtime path of "/home/icemao/Documents/ROS/ROS2/ros2_learning/install/interfaces/lib/libinterfaces__rosidl_typesupport_fastrtps_c.so" to ""
[15.394s] -- Up-to-date: /home/icemao/Documents/ROS/ROS2/ros2_learning/install/interfaces/include/interfaces/interfaces
[15.395s] -- Up-to-date: /home/icemao/Documents/ROS/ROS2/ros2_learning/install/interfaces/include/interfaces/interfaces/action
[15.395s] -- Up-to-date: /home/icemao/Documents/ROS/ROS2/ros2_learning/install/interfaces/include/interfaces/interfaces/action/detail
[15.395s] -- Installing: /home/icemao/Documents/ROS/ROS2/ros2_learning/install/interfaces/include/interfaces/interfaces/action/detail/fibonacci__traits.hpp
[15.396s] -- Installing: /home/icemao/Documents/ROS/ROS2/ros2_learning/install/interfaces/include/interfaces/interfaces/action/detail/fibonacci__struct.hpp
[15.396s] -- Installing: /home/icemao/Documents/ROS/ROS2/ros2_learning/install/interfaces/include/interfaces/interfaces/action/detail/fibonacci__builder.hpp
[15.396s] -- Installing: /home/icemao/Documents/ROS/ROS2/ros2_learning/install/interfaces/include/interfaces/interfaces/action/fibonacci.hpp
[15.397s] -- Up-to-date: /home/icemao/Documents/ROS/ROS2/ros2_learning/install/interfaces/include/interfaces/interfaces/msg
[15.397s] -- Up-to-date: /home/icemao/Documents/ROS/ROS2/ros2_learning/install/interfaces/include/interfaces/interfaces/msg/detail
[15.397s] -- Installing: /home/icemao/Documents/ROS/ROS2/ros2_learning/install/interfaces/include/interfaces/interfaces/msg/detail/sphere__builder.hpp
[15.397s] -- Installing: /home/icemao/Documents/ROS/ROS2/ros2_learning/install/interfaces/include/interfaces/interfaces/msg/detail/num__struct.hpp
[15.397s] -- Installing: /home/icemao/Documents/ROS/ROS2/ros2_learning/install/interfaces/include/interfaces/interfaces/msg/detail/sphere__struct.hpp
[15.397s] -- Installing: /home/icemao/Documents/ROS/ROS2/ros2_learning/install/interfaces/include/interfaces/interfaces/msg/detail/num__traits.hpp
[15.397s] -- Installing: /home/icemao/Documents/ROS/ROS2/ros2_learning/install/interfaces/include/interfaces/interfaces/msg/detail/sphere__traits.hpp
[15.398s] -- Installing: /home/icemao/Documents/ROS/ROS2/ros2_learning/install/interfaces/include/interfaces/interfaces/msg/detail/num__builder.hpp
[15.398s] -- Installing: /home/icemao/Documents/ROS/ROS2/ros2_learning/install/interfaces/include/interfaces/interfaces/msg/num.hpp
[15.398s] -- Installing: /home/icemao/Documents/ROS/ROS2/ros2_learning/install/interfaces/include/interfaces/interfaces/msg/sphere.hpp
[15.398s] -- Up-to-date: /home/icemao/Documents/ROS/ROS2/ros2_learning/install/interfaces/include/interfaces/interfaces/srv
[15.398s] -- Up-to-date: /home/icemao/Documents/ROS/ROS2/ros2_learning/install/interfaces/include/interfaces/interfaces/srv/detail
[15.398s] -- Installing: /home/icemao/Documents/ROS/ROS2/ros2_learning/install/interfaces/include/interfaces/interfaces/srv/detail/add_three_ints__traits.hpp
[15.398s] -- Installing: /home/icemao/Documents/ROS/ROS2/ros2_learning/install/interfaces/include/interfaces/interfaces/srv/detail/add_three_ints__struct.hpp
[15.399s] -- Installing: /home/icemao/Documents/ROS/ROS2/ros2_learning/install/interfaces/include/interfaces/interfaces/srv/detail/add_three_ints__builder.hpp
[15.399s] -- Installing: /home/icemao/Documents/ROS/ROS2/ros2_learning/install/interfaces/include/interfaces/interfaces/srv/add_three_ints.hpp
[15.400s] -- Up-to-date: /home/icemao/Documents/ROS/ROS2/ros2_learning/install/interfaces/include/interfaces/interfaces
[15.400s] -- Up-to-date: /home/icemao/Documents/ROS/ROS2/ros2_learning/install/interfaces/include/interfaces/interfaces/action
[15.400s] -- Up-to-date: /home/icemao/Documents/ROS/ROS2/ros2_learning/install/interfaces/include/interfaces/interfaces/action/detail
[15.400s] -- Installing: /home/icemao/Documents/ROS/ROS2/ros2_learning/install/interfaces/include/interfaces/interfaces/action/detail/fibonacci__rosidl_typesupport_fastrtps_cpp.hpp
[15.400s] -- Installing: /home/icemao/Documents/ROS/ROS2/ros2_learning/install/interfaces/include/interfaces/interfaces/action/detail/dds_fastrtps
[15.400s] -- Up-to-date: /home/icemao/Documents/ROS/ROS2/ros2_learning/install/interfaces/include/interfaces/interfaces/msg
[15.401s] -- Up-to-date: /home/icemao/Documents/ROS/ROS2/ros2_learning/install/interfaces/include/interfaces/interfaces/msg/detail
[15.401s] -- Installing: /home/icemao/Documents/ROS/ROS2/ros2_learning/install/interfaces/include/interfaces/interfaces/msg/detail/num__rosidl_typesupport_fastrtps_cpp.hpp
[15.401s] -- Installing: /home/icemao/Documents/ROS/ROS2/ros2_learning/install/interfaces/include/interfaces/interfaces/msg/detail/dds_fastrtps
[15.401s] -- Installing: /home/icemao/Documents/ROS/ROS2/ros2_learning/install/interfaces/include/interfaces/interfaces/msg/detail/sphere__rosidl_typesupport_fastrtps_cpp.hpp
[15.401s] -- Installing: /home/icemao/Documents/ROS/ROS2/ros2_learning/install/interfaces/include/interfaces/interfaces/msg/rosidl_typesupport_fastrtps_cpp__visibility_control.h
[15.401s] -- Up-to-date: /home/icemao/Documents/ROS/ROS2/ros2_learning/install/interfaces/include/interfaces/interfaces/srv
[15.402s] -- Up-to-date: /home/icemao/Documents/ROS/ROS2/ros2_learning/install/interfaces/include/interfaces/interfaces/srv/detail
[15.402s] -- Installing: /home/icemao/Documents/ROS/ROS2/ros2_learning/install/interfaces/include/interfaces/interfaces/srv/detail/add_three_ints__rosidl_typesupport_fastrtps_cpp.hpp
[15.402s] -- Installing: /home/icemao/Documents/ROS/ROS2/ros2_learning/install/interfaces/include/interfaces/interfaces/srv/detail/dds_fastrtps
[15.402s] -- Installing: /home/icemao/Documents/ROS/ROS2/ros2_learning/install/interfaces/lib/libinterfaces__rosidl_typesupport_fastrtps_cpp.so
[15.402s] -- Set runtime path of "/home/icemao/Documents/ROS/ROS2/ros2_learning/install/interfaces/lib/libinterfaces__rosidl_typesupport_fastrtps_cpp.so" to ""
[15.402s] -- Up-to-date: /home/icemao/Documents/ROS/ROS2/ros2_learning/install/interfaces/include/interfaces/interfaces
[15.403s] -- Up-to-date: /home/icemao/Documents/ROS/ROS2/ros2_learning/install/interfaces/include/interfaces/interfaces/action
[15.403s] -- Up-to-date: /home/icemao/Documents/ROS/ROS2/ros2_learning/install/interfaces/include/interfaces/interfaces/action/detail
[15.403s] -- Installing: /home/icemao/Documents/ROS/ROS2/ros2_learning/install/interfaces/include/interfaces/interfaces/action/detail/fibonacci__type_support.c
[15.403s] -- Installing: /home/icemao/Documents/ROS/ROS2/ros2_learning/install/interfaces/include/interfaces/interfaces/action/detail/fibonacci__rosidl_typesupport_introspection_c.h
[15.403s] -- Up-to-date: /home/icemao/Documents/ROS/ROS2/ros2_learning/install/interfaces/include/interfaces/interfaces/msg
[15.404s] -- Up-to-date: /home/icemao/Documents/ROS/ROS2/ros2_learning/install/interfaces/include/interfaces/interfaces/msg/detail
[15.404s] -- Installing: /home/icemao/Documents/ROS/ROS2/ros2_learning/install/interfaces/include/interfaces/interfaces/msg/detail/num__type_support.c
[15.404s] -- Installing: /home/icemao/Documents/ROS/ROS2/ros2_learning/install/interfaces/include/interfaces/interfaces/msg/detail/sphere__type_support.c
[15.404s] -- Installing: /home/icemao/Documents/ROS/ROS2/ros2_learning/install/interfaces/include/interfaces/interfaces/msg/detail/num__rosidl_typesupport_introspection_c.h
[15.405s] -- Installing: /home/icemao/Documents/ROS/ROS2/ros2_learning/install/interfaces/include/interfaces/interfaces/msg/detail/sphere__rosidl_typesupport_introspection_c.h
[15.405s] -- Installing: /home/icemao/Documents/ROS/ROS2/ros2_learning/install/interfaces/include/interfaces/interfaces/msg/rosidl_typesupport_introspection_c__visibility_control.h
[15.405s] -- Up-to-date: /home/icemao/Documents/ROS/ROS2/ros2_learning/install/interfaces/include/interfaces/interfaces/srv
[15.405s] -- Up-to-date: /home/icemao/Documents/ROS/ROS2/ros2_learning/install/interfaces/include/interfaces/interfaces/srv/detail
[15.405s] -- Installing: /home/icemao/Documents/ROS/ROS2/ros2_learning/install/interfaces/include/interfaces/interfaces/srv/detail/add_three_ints__rosidl_typesupport_introspection_c.h
[15.405s] -- Installing: /home/icemao/Documents/ROS/ROS2/ros2_learning/install/interfaces/include/interfaces/interfaces/srv/detail/add_three_ints__type_support.c
[15.406s] -- Installing: /home/icemao/Documents/ROS/ROS2/ros2_learning/install/interfaces/lib/libinterfaces__rosidl_typesupport_introspection_c.so
[15.406s] -- Set runtime path of "/home/icemao/Documents/ROS/ROS2/ros2_learning/install/interfaces/lib/libinterfaces__rosidl_typesupport_introspection_c.so" to ""
[15.406s] -- Installing: /home/icemao/Documents/ROS/ROS2/ros2_learning/install/interfaces/lib/libinterfaces__rosidl_typesupport_c.so
[15.406s] -- Set runtime path of "/home/icemao/Documents/ROS/ROS2/ros2_learning/install/interfaces/lib/libinterfaces__rosidl_typesupport_c.so" to ""
[15.406s] -- Up-to-date: /home/icemao/Documents/ROS/ROS2/ros2_learning/install/interfaces/include/interfaces/interfaces
[15.407s] -- Up-to-date: /home/icemao/Documents/ROS/ROS2/ros2_learning/install/interfaces/include/interfaces/interfaces/action
[15.407s] -- Up-to-date: /home/icemao/Documents/ROS/ROS2/ros2_learning/install/interfaces/include/interfaces/interfaces/action/detail
[15.407s] -- Installing: /home/icemao/Documents/ROS/ROS2/ros2_learning/install/interfaces/include/interfaces/interfaces/action/detail/fibonacci__rosidl_typesupport_introspection_cpp.hpp
[15.407s] -- Installing: /home/icemao/Documents/ROS/ROS2/ros2_learning/install/interfaces/include/interfaces/interfaces/action/detail/fibonacci__type_support.cpp
[15.408s] -- Up-to-date: /home/icemao/Documents/ROS/ROS2/ros2_learning/install/interfaces/include/interfaces/interfaces/msg
[15.408s] -- Up-to-date: /home/icemao/Documents/ROS/ROS2/ros2_learning/install/interfaces/include/interfaces/interfaces/msg/detail
[15.408s] -- Installing: /home/icemao/Documents/ROS/ROS2/ros2_learning/install/interfaces/include/interfaces/interfaces/msg/detail/num__type_support.cpp
[15.408s] -- Installing: /home/icemao/Documents/ROS/ROS2/ros2_learning/install/interfaces/include/interfaces/interfaces/msg/detail/num__rosidl_typesupport_introspection_cpp.hpp
[15.408s] -- Installing: /home/icemao/Documents/ROS/ROS2/ros2_learning/install/interfaces/include/interfaces/interfaces/msg/detail/sphere__rosidl_typesupport_introspection_cpp.hpp
[15.408s] -- Installing: /home/icemao/Documents/ROS/ROS2/ros2_learning/install/interfaces/include/interfaces/interfaces/msg/detail/sphere__type_support.cpp
[15.408s] -- Up-to-date: /home/icemao/Documents/ROS/ROS2/ros2_learning/install/interfaces/include/interfaces/interfaces/srv
[15.408s] -- Up-to-date: /home/icemao/Documents/ROS/ROS2/ros2_learning/install/interfaces/include/interfaces/interfaces/srv/detail
[15.409s] -- Installing: /home/icemao/Documents/ROS/ROS2/ros2_learning/install/interfaces/include/interfaces/interfaces/srv/detail/add_three_ints__type_support.cpp
[15.409s] -- Installing: /home/icemao/Documents/ROS/ROS2/ros2_learning/install/interfaces/include/interfaces/interfaces/srv/detail/add_three_ints__rosidl_typesupport_introspection_cpp.hpp
[15.409s] -- Installing: /home/icemao/Documents/ROS/ROS2/ros2_learning/install/interfaces/lib/libinterfaces__rosidl_typesupport_introspection_cpp.so
[15.409s] -- Set runtime path of "/home/icemao/Documents/ROS/ROS2/ros2_learning/install/interfaces/lib/libinterfaces__rosidl_typesupport_introspection_cpp.so" to ""
[15.409s] -- Installing: /home/icemao/Documents/ROS/ROS2/ros2_learning/install/interfaces/lib/libinterfaces__rosidl_typesupport_cpp.so
[15.409s] -- Set runtime path of "/home/icemao/Documents/ROS/ROS2/ros2_learning/install/interfaces/lib/libinterfaces__rosidl_typesupport_cpp.so" to ""
[15.409s] -- Installing: /home/icemao/Documents/ROS/ROS2/ros2_learning/install/interfaces/share/interfaces/environment/pythonpath.sh
[15.410s] -- Installing: /home/icemao/Documents/ROS/ROS2/ros2_learning/install/interfaces/share/interfaces/environment/pythonpath.dsv
[15.410s] -- Installing: /home/icemao/Documents/ROS/ROS2/ros2_learning/install/interfaces/local/lib/python3.10/dist-packages/interfaces-0.0.0-py3.10.egg-info
[15.410s] -- Installing: /home/icemao/Documents/ROS/ROS2/ros2_learning/install/interfaces/local/lib/python3.10/dist-packages/interfaces-0.0.0-py3.10.egg-info/dependency_links.txt
[15.410s] -- Installing: /home/icemao/Documents/ROS/ROS2/ros2_learning/install/interfaces/local/lib/python3.10/dist-packages/interfaces-0.0.0-py3.10.egg-info/PKG-INFO
[15.410s] -- Installing: /home/icemao/Documents/ROS/ROS2/ros2_learning/install/interfaces/local/lib/python3.10/dist-packages/interfaces-0.0.0-py3.10.egg-info/top_level.txt
[15.410s] -- Installing: /home/icemao/Documents/ROS/ROS2/ros2_learning/install/interfaces/local/lib/python3.10/dist-packages/interfaces-0.0.0-py3.10.egg-info/SOURCES.txt
[15.411s] -- Installing: /home/icemao/Documents/ROS/ROS2/ros2_learning/install/interfaces/local/lib/python3.10/dist-packages/interfaces
[15.411s] -- Installing: /home/icemao/Documents/ROS/ROS2/ros2_learning/install/interfaces/local/lib/python3.10/dist-packages/interfaces/__init__.py
[15.411s] -- Installing: /home/icemao/Documents/ROS/ROS2/ros2_learning/install/interfaces/local/lib/python3.10/dist-packages/interfaces/interfaces_s__rosidl_typesupport_fastrtps_c.cpython-39-x86_64-linux-gnu.so
[15.411s] -- Installing: /home/icemao/Documents/ROS/ROS2/ros2_learning/install/interfaces/local/lib/python3.10/dist-packages/interfaces/_interfaces_s.ep.rosidl_typesupport_introspection_c.c
[15.411s] -- Installing: /home/icemao/Documents/ROS/ROS2/ros2_learning/install/interfaces/local/lib/python3.10/dist-packages/interfaces/interfaces_s__rosidl_typesupport_c.cpython-39-x86_64-linux-gnu.so
[15.411s] -- Installing: /home/icemao/Documents/ROS/ROS2/ros2_learning/install/interfaces/local/lib/python3.10/dist-packages/interfaces/_interfaces_s.ep.rosidl_typesupport_c.c
[15.411s] -- Installing: /home/icemao/Documents/ROS/ROS2/ros2_learning/install/interfaces/local/lib/python3.10/dist-packages/interfaces/action
[15.411s] -- Installing: /home/icemao/Documents/ROS/ROS2/ros2_learning/install/interfaces/local/lib/python3.10/dist-packages/interfaces/action/__init__.py
[15.411s] -- Installing: /home/icemao/Documents/ROS/ROS2/ros2_learning/install/interfaces/local/lib/python3.10/dist-packages/interfaces/action/_fibonacci_s.c
[15.412s] -- Installing: /home/icemao/Documents/ROS/ROS2/ros2_learning/install/interfaces/local/lib/python3.10/dist-packages/interfaces/action/_fibonacci.py
[15.412s] -- Installing: /home/icemao/Documents/ROS/ROS2/ros2_learning/install/interfaces/local/lib/python3.10/dist-packages/interfaces/interfaces_s__rosidl_typesupport_introspection_c.cpython-39-x86_64-linux-gnu.so
[15.412s] -- Installing: /home/icemao/Documents/ROS/ROS2/ros2_learning/install/interfaces/local/lib/python3.10/dist-packages/interfaces/libinterfaces__rosidl_generator_py.so
[15.412s] -- Installing: /home/icemao/Documents/ROS/ROS2/ros2_learning/install/interfaces/local/lib/python3.10/dist-packages/interfaces/msg
[15.412s] -- Installing: /home/icemao/Documents/ROS/ROS2/ros2_learning/install/interfaces/local/lib/python3.10/dist-packages/interfaces/msg/_sphere.py
[15.412s] -- Installing: /home/icemao/Documents/ROS/ROS2/ros2_learning/install/interfaces/local/lib/python3.10/dist-packages/interfaces/msg/__init__.py
[15.412s] -- Installing: /home/icemao/Documents/ROS/ROS2/ros2_learning/install/interfaces/local/lib/python3.10/dist-packages/interfaces/msg/_num_s.c
[15.413s] -- Installing: /home/icemao/Documents/ROS/ROS2/ros2_learning/install/interfaces/local/lib/python3.10/dist-packages/interfaces/msg/_sphere_s.c
[15.413s] -- Installing: /home/icemao/Documents/ROS/ROS2/ros2_learning/install/interfaces/local/lib/python3.10/dist-packages/interfaces/msg/_num.py
[15.413s] -- Installing: /home/icemao/Documents/ROS/ROS2/ros2_learning/install/interfaces/local/lib/python3.10/dist-packages/interfaces/srv
[15.413s] -- Installing: /home/icemao/Documents/ROS/ROS2/ros2_learning/install/interfaces/local/lib/python3.10/dist-packages/interfaces/srv/_add_three_ints_s.c
[15.413s] -- Installing: /home/icemao/Documents/ROS/ROS2/ros2_learning/install/interfaces/local/lib/python3.10/dist-packages/interfaces/srv/__init__.py
[15.413s] -- Installing: /home/icemao/Documents/ROS/ROS2/ros2_learning/install/interfaces/local/lib/python3.10/dist-packages/interfaces/srv/_add_three_ints.py
[15.413s] -- Installing: /home/icemao/Documents/ROS/ROS2/ros2_learning/install/interfaces/local/lib/python3.10/dist-packages/interfaces/_interfaces_s.ep.rosidl_typesupport_fastrtps_c.c
[15.472s] Listing '/home/icemao/Documents/ROS/ROS2/ros2_learning/install/interfaces/local/lib/python3.10/dist-packages/interfaces'...
[15.473s] Compiling '/home/icemao/Documents/ROS/ROS2/ros2_learning/install/interfaces/local/lib/python3.10/dist-packages/interfaces/__init__.py'...
[15.473s] Listing '/home/icemao/Documents/ROS/ROS2/ros2_learning/install/interfaces/local/lib/python3.10/dist-packages/interfaces/action'...
[15.473s] Compiling '/home/icemao/Documents/ROS/ROS2/ros2_learning/install/interfaces/local/lib/python3.10/dist-packages/interfaces/action/__init__.py'...
[15.473s] Compiling '/home/icemao/Documents/ROS/ROS2/ros2_learning/install/interfaces/local/lib/python3.10/dist-packages/interfaces/action/_fibonacci.py'...
[15.473s] Listing '/home/icemao/Documents/ROS/ROS2/ros2_learning/install/interfaces/local/lib/python3.10/dist-packages/interfaces/msg'...
[15.473s] Compiling '/home/icemao/Documents/ROS/ROS2/ros2_learning/install/interfaces/local/lib/python3.10/dist-packages/interfaces/msg/__init__.py'...
[15.473s] Compiling '/home/icemao/Documents/ROS/ROS2/ros2_learning/install/interfaces/local/lib/python3.10/dist-packages/interfaces/msg/_num.py'...
[15.474s] Compiling '/home/icemao/Documents/ROS/ROS2/ros2_learning/install/interfaces/local/lib/python3.10/dist-packages/interfaces/msg/_sphere.py'...
[15.474s] Listing '/home/icemao/Documents/ROS/ROS2/ros2_learning/install/interfaces/local/lib/python3.10/dist-packages/interfaces/srv'...
[15.474s] Compiling '/home/icemao/Documents/ROS/ROS2/ros2_learning/install/interfaces/local/lib/python3.10/dist-packages/interfaces/srv/__init__.py'...
[15.474s] Compiling '/home/icemao/Documents/ROS/ROS2/ros2_learning/install/interfaces/local/lib/python3.10/dist-packages/interfaces/srv/_add_three_ints.py'...
[15.480s] -- Installing: /home/icemao/Documents/ROS/ROS2/ros2_learning/install/interfaces/local/lib/python3.10/dist-packages/interfaces/interfaces_s__rosidl_typesupport_fastrtps_c.cpython-39-x86_64-linux-gnu.so
[15.481s] -- Set runtime path of "/home/icemao/Documents/ROS/ROS2/ros2_learning/install/interfaces/local/lib/python3.10/dist-packages/interfaces/interfaces_s__rosidl_typesupport_fastrtps_c.cpython-39-x86_64-linux-gnu.so" to ""
[15.481s] -- Installing: /home/icemao/Documents/ROS/ROS2/ros2_learning/install/interfaces/local/lib/python3.10/dist-packages/interfaces/interfaces_s__rosidl_typesupport_introspection_c.cpython-39-x86_64-linux-gnu.so
[15.481s] -- Set runtime path of "/home/icemao/Documents/ROS/ROS2/ros2_learning/install/interfaces/local/lib/python3.10/dist-packages/interfaces/interfaces_s__rosidl_typesupport_introspection_c.cpython-39-x86_64-linux-gnu.so" to ""
[15.482s] -- Installing: /home/icemao/Documents/ROS/ROS2/ros2_learning/install/interfaces/local/lib/python3.10/dist-packages/interfaces/interfaces_s__rosidl_typesupport_c.cpython-39-x86_64-linux-gnu.so
[15.482s] -- Set runtime path of "/home/icemao/Documents/ROS/ROS2/ros2_learning/install/interfaces/local/lib/python3.10/dist-packages/interfaces/interfaces_s__rosidl_typesupport_c.cpython-39-x86_64-linux-gnu.so" to ""
[15.482s] -- Installing: /home/icemao/Documents/ROS/ROS2/ros2_learning/install/interfaces/lib/libinterfaces__rosidl_generator_py.so
[15.483s] -- Set runtime path of "/home/icemao/Documents/ROS/ROS2/ros2_learning/install/interfaces/lib/libinterfaces__rosidl_generator_py.so" to ""
[15.483s] -- Installing: /home/icemao/Documents/ROS/ROS2/ros2_learning/install/interfaces/share/interfaces/msg/Num.idl
[15.483s] -- Installing: /home/icemao/Documents/ROS/ROS2/ros2_learning/install/interfaces/share/interfaces/msg/Sphere.idl
[15.484s] -- Installing: /home/icemao/Documents/ROS/ROS2/ros2_learning/install/interfaces/share/interfaces/srv/AddThreeInts.idl
[15.484s] -- Installing: /home/icemao/Documents/ROS/ROS2/ros2_learning/install/interfaces/share/interfaces/action/Fibonacci.idl
[15.484s] -- Installing: /home/icemao/Documents/ROS/ROS2/ros2_learning/install/interfaces/share/interfaces/msg/Num.msg
[15.484s] -- Installing: /home/icemao/Documents/ROS/ROS2/ros2_learning/install/interfaces/share/interfaces/msg/Sphere.msg
[15.484s] -- Installing: /home/icemao/Documents/ROS/ROS2/ros2_learning/install/interfaces/share/interfaces/srv/AddThreeInts.srv
[15.485s] -- Installing: /home/icemao/Documents/ROS/ROS2/ros2_learning/install/interfaces/share/interfaces/srv/AddThreeInts_Request.msg
[15.485s] -- Installing: /home/icemao/Documents/ROS/ROS2/ros2_learning/install/interfaces/share/interfaces/srv/AddThreeInts_Response.msg
[15.485s] -- Installing: /home/icemao/Documents/ROS/ROS2/ros2_learning/install/interfaces/share/interfaces/action/Fibonacci.action
[15.485s] -- Installing: /home/icemao/Documents/ROS/ROS2/ros2_learning/install/interfaces/share/ament_index/resource_index/package_run_dependencies/interfaces
[15.486s] -- Installing: /home/icemao/Documents/ROS/ROS2/ros2_learning/install/interfaces/share/ament_index/resource_index/parent_prefix_path/interfaces
[15.486s] -- Installing: /home/icemao/Documents/ROS/ROS2/ros2_learning/install/interfaces/share/interfaces/environment/ament_prefix_path.sh
[15.486s] -- Installing: /home/icemao/Documents/ROS/ROS2/ros2_learning/install/interfaces/share/interfaces/environment/ament_prefix_path.dsv
[15.486s] -- Installing: /home/icemao/Documents/ROS/ROS2/ros2_learning/install/interfaces/share/interfaces/environment/path.sh
[15.486s] -- Installing: /home/icemao/Documents/ROS/ROS2/ros2_learning/install/interfaces/share/interfaces/environment/path.dsv
[15.487s] -- Installing: /home/icemao/Documents/ROS/ROS2/ros2_learning/install/interfaces/share/interfaces/local_setup.bash
[15.487s] -- Installing: /home/icemao/Documents/ROS/ROS2/ros2_learning/install/interfaces/share/interfaces/local_setup.sh
[15.487s] -- Installing: /home/icemao/Documents/ROS/ROS2/ros2_learning/install/interfaces/share/interfaces/local_setup.zsh
[15.487s] -- Installing: /home/icemao/Documents/ROS/ROS2/ros2_learning/install/interfaces/share/interfaces/local_setup.dsv
[15.488s] -- Installing: /home/icemao/Documents/ROS/ROS2/ros2_learning/install/interfaces/share/interfaces/package.dsv
[15.488s] -- Installing: /home/icemao/Documents/ROS/ROS2/ros2_learning/install/interfaces/share/ament_index/resource_index/packages/interfaces
[15.488s] -- Installing: /home/icemao/Documents/ROS/ROS2/ros2_learning/install/interfaces/share/interfaces/cmake/export_interfaces__rosidl_generator_cExport.cmake
[15.489s] -- Installing: /home/icemao/Documents/ROS/ROS2/ros2_learning/install/interfaces/share/interfaces/cmake/export_interfaces__rosidl_generator_cExport-noconfig.cmake
[15.489s] -- Installing: /home/icemao/Documents/ROS/ROS2/ros2_learning/install/interfaces/share/interfaces/cmake/export_interfaces__rosidl_typesupport_fastrtps_cExport.cmake
[15.489s] -- Installing: /home/icemao/Documents/ROS/ROS2/ros2_learning/install/interfaces/share/interfaces/cmake/export_interfaces__rosidl_typesupport_fastrtps_cExport-noconfig.cmake
[15.489s] -- Installing: /home/icemao/Documents/ROS/ROS2/ros2_learning/install/interfaces/share/interfaces/cmake/export_interfaces__rosidl_generator_cppExport.cmake
[15.489s] -- Installing: /home/icemao/Documents/ROS/ROS2/ros2_learning/install/interfaces/share/interfaces/cmake/export_interfaces__rosidl_typesupport_fastrtps_cppExport.cmake
[15.490s] -- Installing: /home/icemao/Documents/ROS/ROS2/ros2_learning/install/interfaces/share/interfaces/cmake/export_interfaces__rosidl_typesupport_fastrtps_cppExport-noconfig.cmake
[15.490s] -- Installing: /home/icemao/Documents/ROS/ROS2/ros2_learning/install/interfaces/share/interfaces/cmake/interfaces__rosidl_typesupport_introspection_cExport.cmake
[15.490s] -- Installing: /home/icemao/Documents/ROS/ROS2/ros2_learning/install/interfaces/share/interfaces/cmake/interfaces__rosidl_typesupport_introspection_cExport-noconfig.cmake
[15.490s] -- Installing: /home/icemao/Documents/ROS/ROS2/ros2_learning/install/interfaces/share/interfaces/cmake/interfaces__rosidl_typesupport_cExport.cmake
[15.491s] -- Installing: /home/icemao/Documents/ROS/ROS2/ros2_learning/install/interfaces/share/interfaces/cmake/interfaces__rosidl_typesupport_cExport-noconfig.cmake
[15.491s] -- Installing: /home/icemao/Documents/ROS/ROS2/ros2_learning/install/interfaces/share/interfaces/cmake/interfaces__rosidl_typesupport_introspection_cppExport.cmake
[15.491s] -- Installing: /home/icemao/Documents/ROS/ROS2/ros2_learning/install/interfaces/share/interfaces/cmake/interfaces__rosidl_typesupport_introspection_cppExport-noconfig.cmake
[15.491s] -- Installing: /home/icemao/Documents/ROS/ROS2/ros2_learning/install/interfaces/share/interfaces/cmake/interfaces__rosidl_typesupport_cppExport.cmake
[15.492s] -- Installing: /home/icemao/Documents/ROS/ROS2/ros2_learning/install/interfaces/share/interfaces/cmake/interfaces__rosidl_typesupport_cppExport-noconfig.cmake
[15.492s] -- Installing: /home/icemao/Documents/ROS/ROS2/ros2_learning/install/interfaces/share/interfaces/cmake/export_interfaces__rosidl_generator_pyExport.cmake
[15.492s] -- Installing: /home/icemao/Documents/ROS/ROS2/ros2_learning/install/interfaces/share/interfaces/cmake/export_interfaces__rosidl_generator_pyExport-noconfig.cmake
[15.492s] -- Installing: /home/icemao/Documents/ROS/ROS2/ros2_learning/install/interfaces/share/interfaces/cmake/rosidl_cmake-extras.cmake
[15.493s] -- Installing: /home/icemao/Documents/ROS/ROS2/ros2_learning/install/interfaces/share/interfaces/cmake/ament_cmake_export_dependencies-extras.cmake
[15.493s] -- Installing: /home/icemao/Documents/ROS/ROS2/ros2_learning/install/interfaces/share/interfaces/cmake/ament_cmake_export_include_directories-extras.cmake
[15.493s] -- Installing: /home/icemao/Documents/ROS/ROS2/ros2_learning/install/interfaces/share/interfaces/cmake/ament_cmake_export_libraries-extras.cmake
[15.493s] -- Installing: /home/icemao/Documents/ROS/ROS2/ros2_learning/install/interfaces/share/interfaces/cmake/ament_cmake_export_targets-extras.cmake
[15.494s] -- Installing: /home/icemao/Documents/ROS/ROS2/ros2_learning/install/interfaces/share/interfaces/cmake/rosidl_cmake_export_typesupport_targets-extras.cmake
[15.494s] -- Installing: /home/icemao/Documents/ROS/ROS2/ros2_learning/install/interfaces/share/interfaces/cmake/rosidl_cmake_export_typesupport_libraries-extras.cmake
[15.494s] -- Installing: /home/icemao/Documents/ROS/ROS2/ros2_learning/install/interfaces/share/interfaces/cmake/interfacesConfig.cmake
[15.494s] -- Installing: /home/icemao/Documents/ROS/ROS2/ros2_learning/install/interfaces/share/interfaces/cmake/interfacesConfig-version.cmake
[15.494s] -- Installing: /home/icemao/Documents/ROS/ROS2/ros2_learning/install/interfaces/share/interfaces/package.xml
[15.497s] Invoked command in '/home/icemao/Documents/ROS/ROS2/ros2_learning/build/interfaces' returned '0': CMAKE_PREFIX_PATH=/opt/ros/humble CONDA_PROMPT_MODIFIER=(base) /usr/bin/cmake --install /home/icemao/Documents/ROS/ROS2/ros2_learning/build/interfaces
