[0.323s] Invoking command in '/home/icemao/Documents/ROS/ROS2/ros2_learning/build/cpp_srvcli': CMAKE_PREFIX_PATH=/opt/ros/humble CONDA_PROMPT_MODIFIER=(base) /usr/bin/cmake /home/icemao/Documents/ROS/ROS2/ros2_learning/src/cpp_srvcli -DCMAKE_INSTALL_PREFIX=/home/icemao/Documents/ROS/ROS2/ros2_learning/install/cpp_srvcli
[1.944s] -- The C compiler identification is GNU 11.4.0
[1.945s] -- The CXX compiler identification is GNU 11.4.0
[1.945s] -- Detecting C compiler ABI info
[1.945s] -- Detecting C compiler ABI info - done
[1.945s] -- Check for working C compiler: /usr/bin/cc - skipped
[1.945s] -- Detecting C compile features
[1.945s] -- Detecting C compile features - done
[1.945s] -- Detecting CXX compiler ABI info
[1.945s] -- Detecting CXX compiler ABI info - done
[1.946s] -- Check for working CXX compiler: /usr/bin/c++ - skipped
[1.946s] -- Detecting CXX compile features
[1.946s] -- Detecting CXX compile features - done
[1.946s] -- Found ament_cmake: 1.3.5 (/opt/ros/humble/share/ament_cmake/cmake)
[1.946s] -- Found Python3: /usr/bin/python3.10 (found version "3.10.12") found components: Interpreter 
[1.946s] -- Found rclcpp: 16.0.6 (/opt/ros/humble/share/rclcpp/cmake)
[1.946s] -- Found rosidl_generator_c: 3.1.5 (/opt/ros/humble/share/rosidl_generator_c/cmake)
[1.947s] -- Found rosidl_adapter: 3.1.5 (/opt/ros/humble/share/rosidl_adapter/cmake)
[1.947s] -- Found rosidl_generator_cpp: 3.1.5 (/opt/ros/humble/share/rosidl_generator_cpp/cmake)
[1.947s] -- Using all available rosidl_typesupport_c: rosidl_typesupport_fastrtps_c;rosidl_typesupport_introspection_c
[1.947s] -- Using all available rosidl_typesupport_cpp: rosidl_typesupport_fastrtps_cpp;rosidl_typesupport_introspection_cpp
[1.947s] -- Found rmw_implementation_cmake: 6.1.1 (/opt/ros/humble/share/rmw_implementation_cmake/cmake)
[1.947s] -- Found rmw_fastrtps_cpp: 6.2.4 (/opt/ros/humble/share/rmw_fastrtps_cpp/cmake)
[1.948s] -- Found OpenSSL: /usr/lib/x86_64-linux-gnu/libcrypto.so (found version "3.0.2")  
[1.948s] -- Found FastRTPS: /opt/ros/humble/include  
[1.948s] -- Using RMW implementation 'rmw_fastrtps_cpp' as default
[1.948s] -- Looking for pthread.h
[1.948s] -- Looking for pthread.h - found
[1.948s] -- Performing Test CMAKE_HAVE_LIBC_PTHREAD
[1.948s] -- Performing Test CMAKE_HAVE_LIBC_PTHREAD - Success
[1.949s] -- Found Threads: TRUE  
[2.201s] -- Found example_interfaces: 0.9.3 (/opt/ros/humble/share/example_interfaces/cmake)
[2.602s] -- Found ament_lint_auto: 0.12.8 (/opt/ros/humble/share/ament_lint_auto/cmake)
[2.796s] -- Added test 'cppcheck' to perform static code analysis on C / C++ code
[2.796s] -- Configured cppcheck include dirs: 
[2.796s] -- Configured cppcheck exclude dirs and/or files: 
[2.798s] -- Added test 'lint_cmake' to check CMake code style
[2.800s] -- Added test 'uncrustify' to check C / C++ code style
[2.801s] -- Configured uncrustify additional arguments: 
[2.802s] -- Added test 'xmllint' to check XML markup files
[2.805s] -- Configuring done
[2.838s] -- Generating done
[2.843s] -- Build files have been written to: /home/icemao/Documents/ROS/ROS2/ros2_learning/build/cpp_srvcli
[2.865s] Invoked command in '/home/icemao/Documents/ROS/ROS2/ros2_learning/build/cpp_srvcli' returned '0': CMAKE_PREFIX_PATH=/opt/ros/humble CONDA_PROMPT_MODIFIER=(base) /usr/bin/cmake /home/icemao/Documents/ROS/ROS2/ros2_learning/src/cpp_srvcli -DCMAKE_INSTALL_PREFIX=/home/icemao/Documents/ROS/ROS2/ros2_learning/install/cpp_srvcli
[2.868s] Invoking command in '/home/icemao/Documents/ROS/ROS2/ros2_learning/build/cpp_srvcli': CMAKE_PREFIX_PATH=/opt/ros/humble CONDA_PROMPT_MODIFIER=(base) /usr/bin/cmake --build /home/icemao/Documents/ROS/ROS2/ros2_learning/build/cpp_srvcli -- -j16 -l16
[2.980s] [ 25%] [32mBuilding CXX object CMakeFiles/server.dir/src/add_two_ints_server.cpp.o[0m
[2.999s] [ 50%] [32mBuilding CXX object CMakeFiles/client.dir/src/add_two_ints_client.cpp.o[0m
[12.956s] [ 75%] [32m[1mLinking CXX executable server[0m
[13.197s] [ 75%] Built target server
[13.658s] [100%] [32m[1mLinking CXX executable client[0m
[13.900s] [100%] Built target client
[13.915s] Invoked command in '/home/icemao/Documents/ROS/ROS2/ros2_learning/build/cpp_srvcli' returned '0': CMAKE_PREFIX_PATH=/opt/ros/humble CONDA_PROMPT_MODIFIER=(base) /usr/bin/cmake --build /home/icemao/Documents/ROS/ROS2/ros2_learning/build/cpp_srvcli -- -j16 -l16
[13.955s] Invoking command in '/home/icemao/Documents/ROS/ROS2/ros2_learning/build/cpp_srvcli': CMAKE_PREFIX_PATH=/opt/ros/humble CONDA_PROMPT_MODIFIER=(base) /usr/bin/cmake --install /home/icemao/Documents/ROS/ROS2/ros2_learning/build/cpp_srvcli
[13.965s] -- Install configuration: ""
[13.965s] -- Installing: /home/icemao/Documents/ROS/ROS2/ros2_learning/install/cpp_srvcli/lib/cpp_srvcli/server
[13.966s] -- Set runtime path of "/home/icemao/Documents/ROS/ROS2/ros2_learning/install/cpp_srvcli/lib/cpp_srvcli/server" to ""
[13.967s] -- Installing: /home/icemao/Documents/ROS/ROS2/ros2_learning/install/cpp_srvcli/lib/cpp_srvcli/client
[13.968s] -- Set runtime path of "/home/icemao/Documents/ROS/ROS2/ros2_learning/install/cpp_srvcli/lib/cpp_srvcli/client" to ""
[13.968s] -- Installing: /home/icemao/Documents/ROS/ROS2/ros2_learning/install/cpp_srvcli/share/ament_index/resource_index/package_run_dependencies/cpp_srvcli
[13.969s] -- Installing: /home/icemao/Documents/ROS/ROS2/ros2_learning/install/cpp_srvcli/share/ament_index/resource_index/parent_prefix_path/cpp_srvcli
[13.969s] -- Installing: /home/icemao/Documents/ROS/ROS2/ros2_learning/install/cpp_srvcli/share/cpp_srvcli/environment/ament_prefix_path.sh
[13.970s] -- Installing: /home/icemao/Documents/ROS/ROS2/ros2_learning/install/cpp_srvcli/share/cpp_srvcli/environment/ament_prefix_path.dsv
[13.970s] -- Installing: /home/icemao/Documents/ROS/ROS2/ros2_learning/install/cpp_srvcli/share/cpp_srvcli/environment/path.sh
[13.970s] -- Installing: /home/icemao/Documents/ROS/ROS2/ros2_learning/install/cpp_srvcli/share/cpp_srvcli/environment/path.dsv
[13.971s] -- Installing: /home/icemao/Documents/ROS/ROS2/ros2_learning/install/cpp_srvcli/share/cpp_srvcli/local_setup.bash
[13.971s] -- Installing: /home/icemao/Documents/ROS/ROS2/ros2_learning/install/cpp_srvcli/share/cpp_srvcli/local_setup.sh
[13.971s] -- Installing: /home/icemao/Documents/ROS/ROS2/ros2_learning/install/cpp_srvcli/share/cpp_srvcli/local_setup.zsh
[13.972s] -- Installing: /home/icemao/Documents/ROS/ROS2/ros2_learning/install/cpp_srvcli/share/cpp_srvcli/local_setup.dsv
[13.972s] -- Installing: /home/icemao/Documents/ROS/ROS2/ros2_learning/install/cpp_srvcli/share/cpp_srvcli/package.dsv
[13.972s] -- Installing: /home/icemao/Documents/ROS/ROS2/ros2_learning/install/cpp_srvcli/share/ament_index/resource_index/packages/cpp_srvcli
[13.972s] -- Installing: /home/icemao/Documents/ROS/ROS2/ros2_learning/install/cpp_srvcli/share/cpp_srvcli/cmake/cpp_srvcliConfig.cmake
[13.972s] -- Installing: /home/icemao/Documents/ROS/ROS2/ros2_learning/install/cpp_srvcli/share/cpp_srvcli/cmake/cpp_srvcliConfig-version.cmake
[13.973s] -- Installing: /home/icemao/Documents/ROS/ROS2/ros2_learning/install/cpp_srvcli/share/cpp_srvcli/package.xml
[13.975s] Invoked command in '/home/icemao/Documents/ROS/ROS2/ros2_learning/build/cpp_srvcli' returned '0': CMAKE_PREFIX_PATH=/opt/ros/humble CONDA_PROMPT_MODIFIER=(base) /usr/bin/cmake --install /home/icemao/Documents/ROS/ROS2/ros2_learning/build/cpp_srvcli
