[0.417s] Invoking command in '/home/icemao/Documents/ROS/ROS2/ros2_learning/build/cpp_parameters': CMAKE_PREFIX_PATH=/opt/ros/humble CONDA_PROMPT_MODIFIER=(base) /usr/bin/cmake /home/icemao/Documents/ROS/ROS2/ros2_learning/src/cpp_parameters -DCMAKE_INSTALL_PREFIX=/home/icemao/Documents/ROS/ROS2/ros2_learning/install/cpp_parameters
[2.037s] -- The C compiler identification is GNU 11.4.0
[2.037s] -- The CXX compiler identification is GNU 11.4.0
[2.038s] -- Detecting C compiler ABI info
[2.038s] -- Detecting C compiler ABI info - done
[2.038s] -- Check for working C compiler: /usr/bin/cc - skipped
[2.038s] -- Detecting C compile features
[2.038s] -- Detecting C compile features - done
[2.038s] -- Detecting CXX compiler ABI info
[2.038s] -- Detecting CXX compiler ABI info - done
[2.038s] -- Check for working CXX compiler: /usr/bin/c++ - skipped
[2.038s] -- Detecting CXX compile features
[2.038s] -- Detecting CXX compile features - done
[2.039s] -- Found ament_cmake: 1.3.5 (/opt/ros/humble/share/ament_cmake/cmake)
[2.039s] -- Found Python3: /usr/bin/python3.10 (found version "3.10.12") found components: Interpreter 
[2.039s] -- Found rclcpp: 16.0.6 (/opt/ros/humble/share/rclcpp/cmake)
[2.039s] -- Found rosidl_generator_c: 3.1.5 (/opt/ros/humble/share/rosidl_generator_c/cmake)
[2.039s] -- Found rosidl_adapter: 3.1.5 (/opt/ros/humble/share/rosidl_adapter/cmake)
[2.039s] -- Found rosidl_generator_cpp: 3.1.5 (/opt/ros/humble/share/rosidl_generator_cpp/cmake)
[2.039s] -- Using all available rosidl_typesupport_c: rosidl_typesupport_fastrtps_c;rosidl_typesupport_introspection_c
[2.039s] -- Using all available rosidl_typesupport_cpp: rosidl_typesupport_fastrtps_cpp;rosidl_typesupport_introspection_cpp
[2.039s] -- Found rmw_implementation_cmake: 6.1.1 (/opt/ros/humble/share/rmw_implementation_cmake/cmake)
[2.040s] -- Found rmw_fastrtps_cpp: 6.2.4 (/opt/ros/humble/share/rmw_fastrtps_cpp/cmake)
[2.040s] -- Found OpenSSL: /usr/lib/x86_64-linux-gnu/libcrypto.so (found version "3.0.2")  
[2.040s] -- Found FastRTPS: /opt/ros/humble/include  
[2.040s] -- Using RMW implementation 'rmw_fastrtps_cpp' as default
[2.040s] -- Looking for pthread.h
[2.040s] -- Looking for pthread.h - found
[2.040s] -- Performing Test CMAKE_HAVE_LIBC_PTHREAD
[2.040s] -- Performing Test CMAKE_HAVE_LIBC_PTHREAD - Success
[2.040s] -- Found Threads: TRUE  
[2.249s] -- Configuring done
[2.264s] -- Generating done
[2.265s] -- Build files have been written to: /home/icemao/Documents/ROS/ROS2/ros2_learning/build/cpp_parameters
[2.279s] Invoked command in '/home/icemao/Documents/ROS/ROS2/ros2_learning/build/cpp_parameters' returned '0': CMAKE_PREFIX_PATH=/opt/ros/humble CONDA_PROMPT_MODIFIER=(base) /usr/bin/cmake /home/icemao/Documents/ROS/ROS2/ros2_learning/src/cpp_parameters -DCMAKE_INSTALL_PREFIX=/home/icemao/Documents/ROS/ROS2/ros2_learning/install/cpp_parameters
[2.280s] Invoking command in '/home/icemao/Documents/ROS/ROS2/ros2_learning/build/cpp_parameters': CMAKE_PREFIX_PATH=/opt/ros/humble CONDA_PROMPT_MODIFIER=(base) /usr/bin/cmake --build /home/icemao/Documents/ROS/ROS2/ros2_learning/build/cpp_parameters -- -j16 -l16
[2.354s] [ 50%] [32mBuilding CXX object CMakeFiles/minimal_param_node.dir/src/cpp_parameters_node.cpp.o[0m
[11.851s] [100%] [32m[1mLinking CXX executable minimal_param_node[0m
[12.141s] [100%] Built target minimal_param_node
[12.162s] Invoked command in '/home/icemao/Documents/ROS/ROS2/ros2_learning/build/cpp_parameters' returned '0': CMAKE_PREFIX_PATH=/opt/ros/humble CONDA_PROMPT_MODIFIER=(base) /usr/bin/cmake --build /home/icemao/Documents/ROS/ROS2/ros2_learning/build/cpp_parameters -- -j16 -l16
[12.203s] Invoking command in '/home/icemao/Documents/ROS/ROS2/ros2_learning/build/cpp_parameters': CMAKE_PREFIX_PATH=/opt/ros/humble CONDA_PROMPT_MODIFIER=(base) /usr/bin/cmake --install /home/icemao/Documents/ROS/ROS2/ros2_learning/build/cpp_parameters
[12.219s] -- Install configuration: ""
[12.220s] -- Installing: /home/icemao/Documents/ROS/ROS2/ros2_learning/install/cpp_parameters/share/cpp_parameters/launch
[12.220s] -- Installing: /home/icemao/Documents/ROS/ROS2/ros2_learning/install/cpp_parameters/share/cpp_parameters/launch/cpp_parameters_launch.py
[12.220s] -- Installing: /home/icemao/Documents/ROS/ROS2/ros2_learning/install/cpp_parameters/lib/cpp_parameters/minimal_param_node
[12.222s] -- Set runtime path of "/home/icemao/Documents/ROS/ROS2/ros2_learning/install/cpp_parameters/lib/cpp_parameters/minimal_param_node" to ""
[12.223s] -- Installing: /home/icemao/Documents/ROS/ROS2/ros2_learning/install/cpp_parameters/share/ament_index/resource_index/package_run_dependencies/cpp_parameters
[12.223s] -- Installing: /home/icemao/Documents/ROS/ROS2/ros2_learning/install/cpp_parameters/share/ament_index/resource_index/parent_prefix_path/cpp_parameters
[12.224s] -- Installing: /home/icemao/Documents/ROS/ROS2/ros2_learning/install/cpp_parameters/share/cpp_parameters/environment/ament_prefix_path.sh
[12.224s] -- Installing: /home/icemao/Documents/ROS/ROS2/ros2_learning/install/cpp_parameters/share/cpp_parameters/environment/ament_prefix_path.dsv
[12.224s] -- Installing: /home/icemao/Documents/ROS/ROS2/ros2_learning/install/cpp_parameters/share/cpp_parameters/environment/path.sh
[12.224s] -- Installing: /home/icemao/Documents/ROS/ROS2/ros2_learning/install/cpp_parameters/share/cpp_parameters/environment/path.dsv
[12.225s] -- Installing: /home/icemao/Documents/ROS/ROS2/ros2_learning/install/cpp_parameters/share/cpp_parameters/local_setup.bash
[12.225s] -- Installing: /home/icemao/Documents/ROS/ROS2/ros2_learning/install/cpp_parameters/share/cpp_parameters/local_setup.sh
[12.225s] -- Installing: /home/icemao/Documents/ROS/ROS2/ros2_learning/install/cpp_parameters/share/cpp_parameters/local_setup.zsh
[12.226s] -- Installing: /home/icemao/Documents/ROS/ROS2/ros2_learning/install/cpp_parameters/share/cpp_parameters/local_setup.dsv
[12.226s] -- Installing: /home/icemao/Documents/ROS/ROS2/ros2_learning/install/cpp_parameters/share/cpp_parameters/package.dsv
[12.226s] -- Installing: /home/icemao/Documents/ROS/ROS2/ros2_learning/install/cpp_parameters/share/ament_index/resource_index/packages/cpp_parameters
[12.226s] -- Installing: /home/icemao/Documents/ROS/ROS2/ros2_learning/install/cpp_parameters/share/cpp_parameters/cmake/cpp_parametersConfig.cmake
[12.227s] -- Installing: /home/icemao/Documents/ROS/ROS2/ros2_learning/install/cpp_parameters/share/cpp_parameters/cmake/cpp_parametersConfig-version.cmake
[12.227s] -- Installing: /home/icemao/Documents/ROS/ROS2/ros2_learning/install/cpp_parameters/share/cpp_parameters/package.xml
[12.230s] Invoked command in '/home/icemao/Documents/ROS/ROS2/ros2_learning/build/cpp_parameters' returned '0': CMAKE_PREFIX_PATH=/opt/ros/humble CONDA_PROMPT_MODIFIER=(base) /usr/bin/cmake --install /home/icemao/Documents/ROS/ROS2/ros2_learning/build/cpp_parameters
