[0.277s] Invoking command in '/home/icemao/Documents/ROS/ROS2/ros2_learning/build/interfaces_more': CMAKE_PREFIX_PATH=/opt/ros/humble CONDA_PROMPT_MODIFIER=(base) /usr/bin/cmake /home/icemao/Documents/ROS/ROS2/ros2_learning/src/interfaces_more -DCMAKE_INSTALL_PREFIX=/home/icemao/Documents/ROS/ROS2/ros2_learning/install/interfaces_more
[1.901s] -- The C compiler identification is GNU 11.4.0
[1.901s] -- The CXX compiler identification is GNU 11.4.0
[1.902s] -- Detecting C compiler ABI info
[1.902s] -- Detecting C compiler ABI info - done
[1.902s] -- Check for working C compiler: /usr/bin/cc - skipped
[1.902s] -- Detecting C compile features
[1.902s] -- Detecting C compile features - done
[1.902s] -- Detecting CXX compiler ABI info
[1.903s] -- Detecting CXX compiler ABI info - done
[1.903s] -- Check for working CXX compiler: /usr/bin/c++ - skipped
[1.903s] -- Detecting CXX compile features
[1.903s] -- Detecting CXX compile features - done
[1.903s] -- Found ament_cmake: 1.3.5 (/opt/ros/humble/share/ament_cmake/cmake)
[1.903s] -- Found Python3: /usr/bin/python3.10 (found version "3.10.12") found components: Interpreter 
[1.903s] -- Found rosidl_default_generators: 1.2.0 (/opt/ros/humble/share/rosidl_default_generators/cmake)
[1.904s] -- Using all available rosidl_typesupport_c: rosidl_typesupport_fastrtps_c;rosidl_typesupport_introspection_c
[1.904s] -- Found rosidl_adapter: 3.1.5 (/opt/ros/humble/share/rosidl_adapter/cmake)
[1.904s] -- Using all available rosidl_typesupport_cpp: rosidl_typesupport_fastrtps_cpp;rosidl_typesupport_introspection_cpp
[1.904s] -- Found rclcpp: 16.0.6 (/opt/ros/humble/share/rclcpp/cmake)
[1.904s] -- Found rmw_implementation_cmake: 6.1.1 (/opt/ros/humble/share/rmw_implementation_cmake/cmake)
[1.904s] -- Found rmw_fastrtps_cpp: 6.2.4 (/opt/ros/humble/share/rmw_fastrtps_cpp/cmake)
[1.904s] -- Found OpenSSL: /usr/lib/x86_64-linux-gnu/libcrypto.so (found version "3.0.2")  
[1.904s] -- Found FastRTPS: /opt/ros/humble/include  
[1.904s] -- Using RMW implementation 'rmw_fastrtps_cpp' as default
[1.904s] -- Looking for pthread.h
[1.905s] -- Looking for pthread.h - found
[1.905s] -- Performing Test CMAKE_HAVE_LIBC_PTHREAD
[1.905s] -- Performing Test CMAKE_HAVE_LIBC_PTHREAD - Success
[1.905s] -- Found Threads: TRUE  
[2.530s] -- Found ament_cmake_ros: 0.10.0 (/opt/ros/humble/share/ament_cmake_ros/cmake)
[2.997s] -- Using all available rosidl_typesupport_c: rosidl_typesupport_fastrtps_c;rosidl_typesupport_introspection_c
[3.550s] -- Using all available rosidl_typesupport_cpp: rosidl_typesupport_fastrtps_cpp;rosidl_typesupport_introspection_cpp
[3.609s] -- Found PythonInterp: /home/icemao/anaconda3/bin/python3 (found suitable version "3.9.7", minimum required is "3.6") 
[3.611s] -- Found python_cmake_module: 0.10.0 (/opt/ros/humble/share/python_cmake_module/cmake)
[3.680s] -- Found PythonLibs: /home/icemao/anaconda3/lib/libpython3.9.so (found suitable version "3.9.7", minimum required is "3.5") 
[3.680s] -- Using PYTHON_EXECUTABLE: /home/icemao/anaconda3/bin/python3
[3.680s] -- Using PYTHON_INCLUDE_DIRS: /home/icemao/anaconda3/include/python3.9
[3.680s] -- Using PYTHON_LIBRARIES: /home/icemao/anaconda3/lib/libpython3.9.so
[3.745s] -- Found PythonExtra: .so  
[3.809s] -- Configuring done
[3.874s] -- Generating done
[3.881s] -- Build files have been written to: /home/icemao/Documents/ROS/ROS2/ros2_learning/build/interfaces_more
[3.901s] Invoked command in '/home/icemao/Documents/ROS/ROS2/ros2_learning/build/interfaces_more' returned '0': CMAKE_PREFIX_PATH=/opt/ros/humble CONDA_PROMPT_MODIFIER=(base) /usr/bin/cmake /home/icemao/Documents/ROS/ROS2/ros2_learning/src/interfaces_more -DCMAKE_INSTALL_PREFIX=/home/icemao/Documents/ROS/ROS2/ros2_learning/install/interfaces_more
[3.907s] Invoking command in '/home/icemao/Documents/ROS/ROS2/ros2_learning/build/interfaces_more': CMAKE_PREFIX_PATH=/opt/ros/humble CONDA_PROMPT_MODIFIER=(base) /usr/bin/cmake --build /home/icemao/Documents/ROS/ROS2/ros2_learning/build/interfaces_more -- -j16 -l16
[3.969s] [  3%] [34m[1mGenerating C code for ROS interfaces[0m
[3.989s] [  6%] [34m[1mGenerating C++ code for ROS interfaces[0m
[4.007s] [  6%] Built target ament_cmake_python_copy_interfaces_more
[4.699s] running egg_info
[4.700s] creating interfaces_more.egg-info
[4.700s] writing interfaces_more.egg-info/PKG-INFO
[4.700s] writing dependency_links to interfaces_more.egg-info/dependency_links.txt
[4.700s] writing top-level names to interfaces_more.egg-info/top_level.txt
[4.700s] writing manifest file 'interfaces_more.egg-info/SOURCES.txt'
[4.702s] reading manifest file 'interfaces_more.egg-info/SOURCES.txt'
[4.703s] writing manifest file 'interfaces_more.egg-info/SOURCES.txt'
[4.722s] [  9%] [32mBuilding C object CMakeFiles/interfaces_more__rosidl_generator_c.dir/rosidl_generator_c/interfaces_more/msg/detail/address_book__functions.c.o[0m
[4.740s] [  9%] Built target interfaces_more__cpp
[4.761s] [ 12%] [34m[1mGenerating C++ type support for eProsima Fast-RTPS[0m
[4.762s] [ 15%] [34m[1mGenerating C++ introspection for ROS interfaces[0m
[4.771s] [ 18%] [34m[1mGenerating C++ type support dispatch for ROS interfaces[0m
[4.802s] [ 18%] Built target ament_cmake_python_build_interfaces_more_egg
[4.858s] [ 21%] [32m[1mLinking C shared library libinterfaces_more__rosidl_generator_c.so[0m
[4.941s] [ 21%] Built target interfaces_more__rosidl_generator_c
[4.973s] [ 24%] [34m[1mGenerating C introspection for ROS interfaces[0m
[4.998s] [ 27%] [34m[1mGenerating C type support for eProsima Fast-RTPS[0m
[5.010s] [ 30%] [34m[1mGenerating C type support dispatch for ROS interfaces[0m
[5.601s] [ 33%] [32mBuilding CXX object CMakeFiles/interfaces_more__rosidl_typesupport_cpp.dir/rosidl_typesupport_cpp/interfaces_more/msg/address_book__type_support.cpp.o[0m
[5.612s] [ 39%] [32mBuilding CXX object CMakeFiles/interfaces_more__rosidl_typesupport_fastrtps_cpp.dir/rosidl_typesupport_fastrtps_cpp/interfaces_more/msg/detail/dds_fastrtps/address_book__type_support.cpp.o[0m
[5.613s] [ 39%] [32mBuilding CXX object CMakeFiles/interfaces_more__rosidl_typesupport_introspection_cpp.dir/rosidl_typesupport_introspection_cpp/interfaces_more/msg/detail/address_book__type_support.cpp.o[0m
[5.855s] [ 42%] [32mBuilding CXX object CMakeFiles/interfaces_more__rosidl_typesupport_fastrtps_c.dir/rosidl_typesupport_fastrtps_c/interfaces_more/msg/detail/address_book__type_support_c.cpp.o[0m
[5.947s] [ 45%] [32mBuilding C object CMakeFiles/interfaces_more__rosidl_typesupport_introspection_c.dir/rosidl_typesupport_introspection_c/interfaces_more/msg/detail/address_book__type_support.c.o[0m
[6.024s] [ 48%] [32mBuilding CXX object CMakeFiles/interfaces_more__rosidl_typesupport_c.dir/rosidl_typesupport_c/interfaces_more/msg/address_book__type_support.cpp.o[0m
[6.099s] [ 51%] [32m[1mLinking C shared library libinterfaces_more__rosidl_typesupport_introspection_c.so[0m
[6.172s] [ 54%] [32m[1mLinking CXX shared library libinterfaces_more__rosidl_typesupport_c.so[0m
[6.349s] [ 54%] Built target interfaces_more__rosidl_typesupport_introspection_c
[6.424s] [ 54%] Built target interfaces_more__rosidl_typesupport_c
[6.662s] [ 57%] [32m[1mLinking CXX shared library libinterfaces_more__rosidl_typesupport_cpp.so[0m
[6.840s] [ 57%] Built target interfaces_more__rosidl_typesupport_cpp
[6.920s] [ 60%] [32mBuilding CXX object CMakeFiles/publish_address_book.dir/src/publish_address_book.cpp.o[0m
[6.978s] [ 63%] [32m[1mLinking CXX shared library libinterfaces_more__rosidl_typesupport_fastrtps_c.so[0m
[7.050s] [ 66%] [32m[1mLinking CXX shared library libinterfaces_more__rosidl_typesupport_introspection_cpp.so[0m
[7.079s] [ 69%] [32m[1mLinking CXX shared library libinterfaces_more__rosidl_typesupport_fastrtps_cpp.so[0m
[7.244s] [ 69%] Built target interfaces_more__rosidl_typesupport_fastrtps_c
[7.266s] [ 69%] Built target interfaces_more__rosidl_typesupport_introspection_cpp
[7.326s] [ 69%] Built target interfaces_more__rosidl_typesupport_fastrtps_cpp
[7.390s] [ 69%] Built target interfaces_more
[7.466s] [ 72%] [34m[1mGenerating Python code for ROS interfaces[0m
[8.997s] [ 72%] Built target interfaces_more__py
[9.134s] [ 75%] [32mBuilding C object CMakeFiles/interfaces_more__rosidl_generator_py.dir/rosidl_generator_py/interfaces_more/msg/_address_book_s.c.o[0m
[9.786s] [ 78%] [32m[1mLinking C shared library rosidl_generator_py/interfaces_more/libinterfaces_more__rosidl_generator_py.so[0m
[10.020s] [ 78%] Built target interfaces_more__rosidl_generator_py
[10.184s] [ 81%] [32mBuilding C object CMakeFiles/interfaces_more__rosidl_typesupport_introspection_c__pyext.dir/rosidl_generator_py/interfaces_more/_interfaces_more_s.ep.rosidl_typesupport_introspection_c.c.o[0m
[10.214s] [ 84%] [32mBuilding C object CMakeFiles/interfaces_more__rosidl_typesupport_c__pyext.dir/rosidl_generator_py/interfaces_more/_interfaces_more_s.ep.rosidl_typesupport_c.c.o[0m
[10.278s] [ 87%] [32mBuilding C object CMakeFiles/interfaces_more__rosidl_typesupport_fastrtps_c__pyext.dir/rosidl_generator_py/interfaces_more/_interfaces_more_s.ep.rosidl_typesupport_fastrtps_c.c.o[0m
[10.659s] [ 90%] [32m[1mLinking C shared library rosidl_generator_py/interfaces_more/interfaces_more_s__rosidl_typesupport_introspection_c.cpython-39-x86_64-linux-gnu.so[0m
[10.769s] [ 93%] [32m[1mLinking C shared library rosidl_generator_py/interfaces_more/interfaces_more_s__rosidl_typesupport_c.cpython-39-x86_64-linux-gnu.so[0m
[10.907s] [ 93%] Built target interfaces_more__rosidl_typesupport_introspection_c__pyext
[10.939s] [ 93%] Built target interfaces_more__rosidl_typesupport_c__pyext
[11.015s] [ 96%] [32m[1mLinking C shared library rosidl_generator_py/interfaces_more/interfaces_more_s__rosidl_typesupport_fastrtps_c.cpython-39-x86_64-linux-gnu.so[0m
[11.183s] [ 96%] Built target interfaces_more__rosidl_typesupport_fastrtps_c__pyext
[17.230s] [100%] [32m[1mLinking CXX executable publish_address_book[0m
[17.455s] [100%] Built target publish_address_book
[17.468s] Invoked command in '/home/icemao/Documents/ROS/ROS2/ros2_learning/build/interfaces_more' returned '0': CMAKE_PREFIX_PATH=/opt/ros/humble CONDA_PROMPT_MODIFIER=(base) /usr/bin/cmake --build /home/icemao/Documents/ROS/ROS2/ros2_learning/build/interfaces_more -- -j16 -l16
[17.531s] Invoking command in '/home/icemao/Documents/ROS/ROS2/ros2_learning/build/interfaces_more': CMAKE_PREFIX_PATH=/opt/ros/humble CONDA_PROMPT_MODIFIER=(base) /usr/bin/cmake --install /home/icemao/Documents/ROS/ROS2/ros2_learning/build/interfaces_more
[17.541s] -- Install configuration: ""
[17.542s] -- Installing: /home/icemao/Documents/ROS/ROS2/ros2_learning/install/interfaces_more/share/ament_index/resource_index/rosidl_interfaces/interfaces_more
[17.542s] -- Installing: /home/icemao/Documents/ROS/ROS2/ros2_learning/install/interfaces_more/include/interfaces_more/interfaces_more
[17.542s] -- Installing: /home/icemao/Documents/ROS/ROS2/ros2_learning/install/interfaces_more/include/interfaces_more/interfaces_more/msg
[17.542s] -- Installing: /home/icemao/Documents/ROS/ROS2/ros2_learning/install/interfaces_more/include/interfaces_more/interfaces_more/msg/detail
[17.542s] -- Installing: /home/icemao/Documents/ROS/ROS2/ros2_learning/install/interfaces_more/include/interfaces_more/interfaces_more/msg/detail/address_book__type_support.h
[17.542s] -- Installing: /home/icemao/Documents/ROS/ROS2/ros2_learning/install/interfaces_more/include/interfaces_more/interfaces_more/msg/detail/address_book__functions.h
[17.543s] -- Installing: /home/icemao/Documents/ROS/ROS2/ros2_learning/install/interfaces_more/include/interfaces_more/interfaces_more/msg/detail/address_book__functions.c
[17.543s] -- Installing: /home/icemao/Documents/ROS/ROS2/ros2_learning/install/interfaces_more/include/interfaces_more/interfaces_more/msg/detail/address_book__struct.h
[17.543s] -- Installing: /home/icemao/Documents/ROS/ROS2/ros2_learning/install/interfaces_more/include/interfaces_more/interfaces_more/msg/address_book.h
[17.543s] -- Installing: /home/icemao/Documents/ROS/ROS2/ros2_learning/install/interfaces_more/include/interfaces_more/interfaces_more/msg/rosidl_generator_c__visibility_control.h
[17.543s] -- Installing: /home/icemao/Documents/ROS/ROS2/ros2_learning/install/interfaces_more/share/interfaces_more/environment/library_path.sh
[17.543s] -- Installing: /home/icemao/Documents/ROS/ROS2/ros2_learning/install/interfaces_more/share/interfaces_more/environment/library_path.dsv
[17.544s] -- Installing: /home/icemao/Documents/ROS/ROS2/ros2_learning/install/interfaces_more/lib/libinterfaces_more__rosidl_generator_c.so
[17.544s] -- Set runtime path of "/home/icemao/Documents/ROS/ROS2/ros2_learning/install/interfaces_more/lib/libinterfaces_more__rosidl_generator_c.so" to ""
[17.544s] -- Up-to-date: /home/icemao/Documents/ROS/ROS2/ros2_learning/install/interfaces_more/include/interfaces_more/interfaces_more
[17.544s] -- Up-to-date: /home/icemao/Documents/ROS/ROS2/ros2_learning/install/interfaces_more/include/interfaces_more/interfaces_more/msg
[17.544s] -- Up-to-date: /home/icemao/Documents/ROS/ROS2/ros2_learning/install/interfaces_more/include/interfaces_more/interfaces_more/msg/detail
[17.545s] -- Installing: /home/icemao/Documents/ROS/ROS2/ros2_learning/install/interfaces_more/include/interfaces_more/interfaces_more/msg/detail/address_book__rosidl_typesupport_fastrtps_c.h
[17.545s] -- Installing: /home/icemao/Documents/ROS/ROS2/ros2_learning/install/interfaces_more/include/interfaces_more/interfaces_more/msg/rosidl_typesupport_fastrtps_c__visibility_control.h
[17.545s] -- Installing: /home/icemao/Documents/ROS/ROS2/ros2_learning/install/interfaces_more/lib/libinterfaces_more__rosidl_typesupport_fastrtps_c.so
[17.545s] -- Set runtime path of "/home/icemao/Documents/ROS/ROS2/ros2_learning/install/interfaces_more/lib/libinterfaces_more__rosidl_typesupport_fastrtps_c.so" to ""
[17.545s] -- Up-to-date: /home/icemao/Documents/ROS/ROS2/ros2_learning/install/interfaces_more/include/interfaces_more/interfaces_more
[17.545s] -- Up-to-date: /home/icemao/Documents/ROS/ROS2/ros2_learning/install/interfaces_more/include/interfaces_more/interfaces_more/msg
[17.545s] -- Up-to-date: /home/icemao/Documents/ROS/ROS2/ros2_learning/install/interfaces_more/include/interfaces_more/interfaces_more/msg/detail
[17.545s] -- Installing: /home/icemao/Documents/ROS/ROS2/ros2_learning/install/interfaces_more/include/interfaces_more/interfaces_more/msg/detail/address_book__type_support.c
[17.546s] -- Installing: /home/icemao/Documents/ROS/ROS2/ros2_learning/install/interfaces_more/include/interfaces_more/interfaces_more/msg/detail/address_book__rosidl_typesupport_introspection_c.h
[17.546s] -- Installing: /home/icemao/Documents/ROS/ROS2/ros2_learning/install/interfaces_more/include/interfaces_more/interfaces_more/msg/rosidl_typesupport_introspection_c__visibility_control.h
[17.546s] -- Installing: /home/icemao/Documents/ROS/ROS2/ros2_learning/install/interfaces_more/lib/libinterfaces_more__rosidl_typesupport_introspection_c.so
[17.546s] -- Set runtime path of "/home/icemao/Documents/ROS/ROS2/ros2_learning/install/interfaces_more/lib/libinterfaces_more__rosidl_typesupport_introspection_c.so" to ""
[17.546s] -- Installing: /home/icemao/Documents/ROS/ROS2/ros2_learning/install/interfaces_more/lib/libinterfaces_more__rosidl_typesupport_c.so
[17.546s] -- Set runtime path of "/home/icemao/Documents/ROS/ROS2/ros2_learning/install/interfaces_more/lib/libinterfaces_more__rosidl_typesupport_c.so" to ""
[17.546s] -- Up-to-date: /home/icemao/Documents/ROS/ROS2/ros2_learning/install/interfaces_more/include/interfaces_more/interfaces_more
[17.546s] -- Up-to-date: /home/icemao/Documents/ROS/ROS2/ros2_learning/install/interfaces_more/include/interfaces_more/interfaces_more/msg
[17.547s] -- Installing: /home/icemao/Documents/ROS/ROS2/ros2_learning/install/interfaces_more/include/interfaces_more/interfaces_more/msg/address_book.hpp
[17.547s] -- Up-to-date: /home/icemao/Documents/ROS/ROS2/ros2_learning/install/interfaces_more/include/interfaces_more/interfaces_more/msg/detail
[17.547s] -- Installing: /home/icemao/Documents/ROS/ROS2/ros2_learning/install/interfaces_more/include/interfaces_more/interfaces_more/msg/detail/address_book__struct.hpp
[17.547s] -- Installing: /home/icemao/Documents/ROS/ROS2/ros2_learning/install/interfaces_more/include/interfaces_more/interfaces_more/msg/detail/address_book__traits.hpp
[17.547s] -- Installing: /home/icemao/Documents/ROS/ROS2/ros2_learning/install/interfaces_more/include/interfaces_more/interfaces_more/msg/detail/address_book__builder.hpp
[17.547s] -- Up-to-date: /home/icemao/Documents/ROS/ROS2/ros2_learning/install/interfaces_more/include/interfaces_more/interfaces_more
[17.547s] -- Up-to-date: /home/icemao/Documents/ROS/ROS2/ros2_learning/install/interfaces_more/include/interfaces_more/interfaces_more/msg
[17.547s] -- Up-to-date: /home/icemao/Documents/ROS/ROS2/ros2_learning/install/interfaces_more/include/interfaces_more/interfaces_more/msg/detail
[17.548s] -- Installing: /home/icemao/Documents/ROS/ROS2/ros2_learning/install/interfaces_more/include/interfaces_more/interfaces_more/msg/detail/dds_fastrtps
[17.548s] -- Installing: /home/icemao/Documents/ROS/ROS2/ros2_learning/install/interfaces_more/include/interfaces_more/interfaces_more/msg/detail/address_book__rosidl_typesupport_fastrtps_cpp.hpp
[17.548s] -- Installing: /home/icemao/Documents/ROS/ROS2/ros2_learning/install/interfaces_more/include/interfaces_more/interfaces_more/msg/rosidl_typesupport_fastrtps_cpp__visibility_control.h
[17.548s] -- Installing: /home/icemao/Documents/ROS/ROS2/ros2_learning/install/interfaces_more/lib/libinterfaces_more__rosidl_typesupport_fastrtps_cpp.so
[17.548s] -- Set runtime path of "/home/icemao/Documents/ROS/ROS2/ros2_learning/install/interfaces_more/lib/libinterfaces_more__rosidl_typesupport_fastrtps_cpp.so" to ""
[17.548s] -- Up-to-date: /home/icemao/Documents/ROS/ROS2/ros2_learning/install/interfaces_more/include/interfaces_more/interfaces_more
[17.548s] -- Up-to-date: /home/icemao/Documents/ROS/ROS2/ros2_learning/install/interfaces_more/include/interfaces_more/interfaces_more/msg
[17.548s] -- Up-to-date: /home/icemao/Documents/ROS/ROS2/ros2_learning/install/interfaces_more/include/interfaces_more/interfaces_more/msg/detail
[17.548s] -- Installing: /home/icemao/Documents/ROS/ROS2/ros2_learning/install/interfaces_more/include/interfaces_more/interfaces_more/msg/detail/address_book__rosidl_typesupport_introspection_cpp.hpp
[17.548s] -- Installing: /home/icemao/Documents/ROS/ROS2/ros2_learning/install/interfaces_more/include/interfaces_more/interfaces_more/msg/detail/address_book__type_support.cpp
[17.549s] -- Installing: /home/icemao/Documents/ROS/ROS2/ros2_learning/install/interfaces_more/lib/libinterfaces_more__rosidl_typesupport_introspection_cpp.so
[17.549s] -- Set runtime path of "/home/icemao/Documents/ROS/ROS2/ros2_learning/install/interfaces_more/lib/libinterfaces_more__rosidl_typesupport_introspection_cpp.so" to ""
[17.549s] -- Installing: /home/icemao/Documents/ROS/ROS2/ros2_learning/install/interfaces_more/lib/libinterfaces_more__rosidl_typesupport_cpp.so
[17.549s] -- Set runtime path of "/home/icemao/Documents/ROS/ROS2/ros2_learning/install/interfaces_more/lib/libinterfaces_more__rosidl_typesupport_cpp.so" to ""
[17.549s] -- Installing: /home/icemao/Documents/ROS/ROS2/ros2_learning/install/interfaces_more/share/interfaces_more/environment/pythonpath.sh
[17.549s] -- Installing: /home/icemao/Documents/ROS/ROS2/ros2_learning/install/interfaces_more/share/interfaces_more/environment/pythonpath.dsv
[17.549s] -- Installing: /home/icemao/Documents/ROS/ROS2/ros2_learning/install/interfaces_more/local/lib/python3.10/dist-packages/interfaces_more-0.0.0-py3.10.egg-info
[17.550s] -- Installing: /home/icemao/Documents/ROS/ROS2/ros2_learning/install/interfaces_more/local/lib/python3.10/dist-packages/interfaces_more-0.0.0-py3.10.egg-info/dependency_links.txt
[17.550s] -- Installing: /home/icemao/Documents/ROS/ROS2/ros2_learning/install/interfaces_more/local/lib/python3.10/dist-packages/interfaces_more-0.0.0-py3.10.egg-info/PKG-INFO
[17.550s] -- Installing: /home/icemao/Documents/ROS/ROS2/ros2_learning/install/interfaces_more/local/lib/python3.10/dist-packages/interfaces_more-0.0.0-py3.10.egg-info/top_level.txt
[17.550s] -- Installing: /home/icemao/Documents/ROS/ROS2/ros2_learning/install/interfaces_more/local/lib/python3.10/dist-packages/interfaces_more-0.0.0-py3.10.egg-info/SOURCES.txt
[17.550s] -- Installing: /home/icemao/Documents/ROS/ROS2/ros2_learning/install/interfaces_more/local/lib/python3.10/dist-packages/interfaces_more
[17.550s] -- Installing: /home/icemao/Documents/ROS/ROS2/ros2_learning/install/interfaces_more/local/lib/python3.10/dist-packages/interfaces_more/libinterfaces_more__rosidl_generator_py.so
[17.551s] -- Installing: /home/icemao/Documents/ROS/ROS2/ros2_learning/install/interfaces_more/local/lib/python3.10/dist-packages/interfaces_more/__init__.py
[17.551s] -- Installing: /home/icemao/Documents/ROS/ROS2/ros2_learning/install/interfaces_more/local/lib/python3.10/dist-packages/interfaces_more/_interfaces_more_s.ep.rosidl_typesupport_fastrtps_c.c
[17.551s] -- Installing: /home/icemao/Documents/ROS/ROS2/ros2_learning/install/interfaces_more/local/lib/python3.10/dist-packages/interfaces_more/_interfaces_more_s.ep.rosidl_typesupport_introspection_c.c
[17.551s] -- Installing: /home/icemao/Documents/ROS/ROS2/ros2_learning/install/interfaces_more/local/lib/python3.10/dist-packages/interfaces_more/interfaces_more_s__rosidl_typesupport_c.cpython-39-x86_64-linux-gnu.so
[17.551s] -- Installing: /home/icemao/Documents/ROS/ROS2/ros2_learning/install/interfaces_more/local/lib/python3.10/dist-packages/interfaces_more/interfaces_more_s__rosidl_typesupport_fastrtps_c.cpython-39-x86_64-linux-gnu.so
[17.551s] -- Installing: /home/icemao/Documents/ROS/ROS2/ros2_learning/install/interfaces_more/local/lib/python3.10/dist-packages/interfaces_more/interfaces_more_s__rosidl_typesupport_introspection_c.cpython-39-x86_64-linux-gnu.so
[17.552s] -- Installing: /home/icemao/Documents/ROS/ROS2/ros2_learning/install/interfaces_more/local/lib/python3.10/dist-packages/interfaces_more/msg
[17.552s] -- Installing: /home/icemao/Documents/ROS/ROS2/ros2_learning/install/interfaces_more/local/lib/python3.10/dist-packages/interfaces_more/msg/__init__.py
[17.552s] -- Installing: /home/icemao/Documents/ROS/ROS2/ros2_learning/install/interfaces_more/local/lib/python3.10/dist-packages/interfaces_more/msg/_address_book.py
[17.552s] -- Installing: /home/icemao/Documents/ROS/ROS2/ros2_learning/install/interfaces_more/local/lib/python3.10/dist-packages/interfaces_more/msg/_address_book_s.c
[17.552s] -- Installing: /home/icemao/Documents/ROS/ROS2/ros2_learning/install/interfaces_more/local/lib/python3.10/dist-packages/interfaces_more/_interfaces_more_s.ep.rosidl_typesupport_c.c
[17.597s] Listing '/home/icemao/Documents/ROS/ROS2/ros2_learning/install/interfaces_more/local/lib/python3.10/dist-packages/interfaces_more'...
[17.597s] Compiling '/home/icemao/Documents/ROS/ROS2/ros2_learning/install/interfaces_more/local/lib/python3.10/dist-packages/interfaces_more/__init__.py'...
[17.597s] Listing '/home/icemao/Documents/ROS/ROS2/ros2_learning/install/interfaces_more/local/lib/python3.10/dist-packages/interfaces_more/msg'...
[17.597s] Compiling '/home/icemao/Documents/ROS/ROS2/ros2_learning/install/interfaces_more/local/lib/python3.10/dist-packages/interfaces_more/msg/__init__.py'...
[17.597s] Compiling '/home/icemao/Documents/ROS/ROS2/ros2_learning/install/interfaces_more/local/lib/python3.10/dist-packages/interfaces_more/msg/_address_book.py'...
[17.603s] -- Installing: /home/icemao/Documents/ROS/ROS2/ros2_learning/install/interfaces_more/local/lib/python3.10/dist-packages/interfaces_more/interfaces_more_s__rosidl_typesupport_fastrtps_c.cpython-39-x86_64-linux-gnu.so
[17.603s] -- Set runtime path of "/home/icemao/Documents/ROS/ROS2/ros2_learning/install/interfaces_more/local/lib/python3.10/dist-packages/interfaces_more/interfaces_more_s__rosidl_typesupport_fastrtps_c.cpython-39-x86_64-linux-gnu.so" to ""
[17.603s] -- Installing: /home/icemao/Documents/ROS/ROS2/ros2_learning/install/interfaces_more/local/lib/python3.10/dist-packages/interfaces_more/interfaces_more_s__rosidl_typesupport_introspection_c.cpython-39-x86_64-linux-gnu.so
[17.604s] -- Set runtime path of "/home/icemao/Documents/ROS/ROS2/ros2_learning/install/interfaces_more/local/lib/python3.10/dist-packages/interfaces_more/interfaces_more_s__rosidl_typesupport_introspection_c.cpython-39-x86_64-linux-gnu.so" to ""
[17.604s] -- Installing: /home/icemao/Documents/ROS/ROS2/ros2_learning/install/interfaces_more/local/lib/python3.10/dist-packages/interfaces_more/interfaces_more_s__rosidl_typesupport_c.cpython-39-x86_64-linux-gnu.so
[17.604s] -- Set runtime path of "/home/icemao/Documents/ROS/ROS2/ros2_learning/install/interfaces_more/local/lib/python3.10/dist-packages/interfaces_more/interfaces_more_s__rosidl_typesupport_c.cpython-39-x86_64-linux-gnu.so" to ""
[17.605s] -- Installing: /home/icemao/Documents/ROS/ROS2/ros2_learning/install/interfaces_more/lib/libinterfaces_more__rosidl_generator_py.so
[17.605s] -- Set runtime path of "/home/icemao/Documents/ROS/ROS2/ros2_learning/install/interfaces_more/lib/libinterfaces_more__rosidl_generator_py.so" to ""
[17.605s] -- Installing: /home/icemao/Documents/ROS/ROS2/ros2_learning/install/interfaces_more/share/interfaces_more/msg/AddressBook.idl
[17.605s] -- Installing: /home/icemao/Documents/ROS/ROS2/ros2_learning/install/interfaces_more/share/interfaces_more/msg/AddressBook.msg
[17.605s] -- Installing: /home/icemao/Documents/ROS/ROS2/ros2_learning/install/interfaces_more/lib/interfaces_more/publish_address_book
[17.607s] -- Set runtime path of "/home/icemao/Documents/ROS/ROS2/ros2_learning/install/interfaces_more/lib/interfaces_more/publish_address_book" to ""
[17.607s] -- Installing: /home/icemao/Documents/ROS/ROS2/ros2_learning/install/interfaces_more/share/ament_index/resource_index/package_run_dependencies/interfaces_more
[17.607s] -- Installing: /home/icemao/Documents/ROS/ROS2/ros2_learning/install/interfaces_more/share/ament_index/resource_index/parent_prefix_path/interfaces_more
[17.608s] -- Installing: /home/icemao/Documents/ROS/ROS2/ros2_learning/install/interfaces_more/share/interfaces_more/environment/ament_prefix_path.sh
[17.608s] -- Installing: /home/icemao/Documents/ROS/ROS2/ros2_learning/install/interfaces_more/share/interfaces_more/environment/ament_prefix_path.dsv
[17.608s] -- Installing: /home/icemao/Documents/ROS/ROS2/ros2_learning/install/interfaces_more/share/interfaces_more/environment/path.sh
[17.608s] -- Installing: /home/icemao/Documents/ROS/ROS2/ros2_learning/install/interfaces_more/share/interfaces_more/environment/path.dsv
[17.608s] -- Installing: /home/icemao/Documents/ROS/ROS2/ros2_learning/install/interfaces_more/share/interfaces_more/local_setup.bash
[17.608s] -- Installing: /home/icemao/Documents/ROS/ROS2/ros2_learning/install/interfaces_more/share/interfaces_more/local_setup.sh
[17.608s] -- Installing: /home/icemao/Documents/ROS/ROS2/ros2_learning/install/interfaces_more/share/interfaces_more/local_setup.zsh
[17.608s] -- Installing: /home/icemao/Documents/ROS/ROS2/ros2_learning/install/interfaces_more/share/interfaces_more/local_setup.dsv
[17.609s] -- Installing: /home/icemao/Documents/ROS/ROS2/ros2_learning/install/interfaces_more/share/interfaces_more/package.dsv
[17.609s] -- Installing: /home/icemao/Documents/ROS/ROS2/ros2_learning/install/interfaces_more/share/ament_index/resource_index/packages/interfaces_more
[17.609s] -- Installing: /home/icemao/Documents/ROS/ROS2/ros2_learning/install/interfaces_more/share/interfaces_more/cmake/export_interfaces_more__rosidl_generator_cExport.cmake
[17.609s] -- Installing: /home/icemao/Documents/ROS/ROS2/ros2_learning/install/interfaces_more/share/interfaces_more/cmake/export_interfaces_more__rosidl_generator_cExport-noconfig.cmake
[17.609s] -- Installing: /home/icemao/Documents/ROS/ROS2/ros2_learning/install/interfaces_more/share/interfaces_more/cmake/export_interfaces_more__rosidl_typesupport_fastrtps_cExport.cmake
[17.609s] -- Installing: /home/icemao/Documents/ROS/ROS2/ros2_learning/install/interfaces_more/share/interfaces_more/cmake/export_interfaces_more__rosidl_typesupport_fastrtps_cExport-noconfig.cmake
[17.610s] -- Installing: /home/icemao/Documents/ROS/ROS2/ros2_learning/install/interfaces_more/share/interfaces_more/cmake/interfaces_more__rosidl_typesupport_introspection_cExport.cmake
[17.610s] -- Installing: /home/icemao/Documents/ROS/ROS2/ros2_learning/install/interfaces_more/share/interfaces_more/cmake/interfaces_more__rosidl_typesupport_introspection_cExport-noconfig.cmake
[17.610s] -- Installing: /home/icemao/Documents/ROS/ROS2/ros2_learning/install/interfaces_more/share/interfaces_more/cmake/interfaces_more__rosidl_typesupport_cExport.cmake
[17.610s] -- Installing: /home/icemao/Documents/ROS/ROS2/ros2_learning/install/interfaces_more/share/interfaces_more/cmake/interfaces_more__rosidl_typesupport_cExport-noconfig.cmake
[17.610s] -- Installing: /home/icemao/Documents/ROS/ROS2/ros2_learning/install/interfaces_more/share/interfaces_more/cmake/export_interfaces_more__rosidl_generator_cppExport.cmake
[17.610s] -- Installing: /home/icemao/Documents/ROS/ROS2/ros2_learning/install/interfaces_more/share/interfaces_more/cmake/export_interfaces_more__rosidl_typesupport_fastrtps_cppExport.cmake
[17.610s] -- Installing: /home/icemao/Documents/ROS/ROS2/ros2_learning/install/interfaces_more/share/interfaces_more/cmake/export_interfaces_more__rosidl_typesupport_fastrtps_cppExport-noconfig.cmake
[17.611s] -- Installing: /home/icemao/Documents/ROS/ROS2/ros2_learning/install/interfaces_more/share/interfaces_more/cmake/interfaces_more__rosidl_typesupport_introspection_cppExport.cmake
[17.611s] -- Installing: /home/icemao/Documents/ROS/ROS2/ros2_learning/install/interfaces_more/share/interfaces_more/cmake/interfaces_more__rosidl_typesupport_introspection_cppExport-noconfig.cmake
[17.611s] -- Installing: /home/icemao/Documents/ROS/ROS2/ros2_learning/install/interfaces_more/share/interfaces_more/cmake/interfaces_more__rosidl_typesupport_cppExport.cmake
[17.611s] -- Installing: /home/icemao/Documents/ROS/ROS2/ros2_learning/install/interfaces_more/share/interfaces_more/cmake/interfaces_more__rosidl_typesupport_cppExport-noconfig.cmake
[17.611s] -- Installing: /home/icemao/Documents/ROS/ROS2/ros2_learning/install/interfaces_more/share/interfaces_more/cmake/export_interfaces_more__rosidl_generator_pyExport.cmake
[17.611s] -- Installing: /home/icemao/Documents/ROS/ROS2/ros2_learning/install/interfaces_more/share/interfaces_more/cmake/export_interfaces_more__rosidl_generator_pyExport-noconfig.cmake
[17.612s] -- Installing: /home/icemao/Documents/ROS/ROS2/ros2_learning/install/interfaces_more/share/interfaces_more/cmake/rosidl_cmake-extras.cmake
[17.612s] -- Installing: /home/icemao/Documents/ROS/ROS2/ros2_learning/install/interfaces_more/share/interfaces_more/cmake/ament_cmake_export_include_directories-extras.cmake
[17.612s] -- Installing: /home/icemao/Documents/ROS/ROS2/ros2_learning/install/interfaces_more/share/interfaces_more/cmake/ament_cmake_export_libraries-extras.cmake
[17.612s] -- Installing: /home/icemao/Documents/ROS/ROS2/ros2_learning/install/interfaces_more/share/interfaces_more/cmake/ament_cmake_export_targets-extras.cmake
[17.612s] -- Installing: /home/icemao/Documents/ROS/ROS2/ros2_learning/install/interfaces_more/share/interfaces_more/cmake/rosidl_cmake_export_typesupport_targets-extras.cmake
[17.612s] -- Installing: /home/icemao/Documents/ROS/ROS2/ros2_learning/install/interfaces_more/share/interfaces_more/cmake/ament_cmake_export_dependencies-extras.cmake
[17.612s] -- Installing: /home/icemao/Documents/ROS/ROS2/ros2_learning/install/interfaces_more/share/interfaces_more/cmake/rosidl_cmake_export_typesupport_libraries-extras.cmake
[17.613s] -- Installing: /home/icemao/Documents/ROS/ROS2/ros2_learning/install/interfaces_more/share/interfaces_more/cmake/interfaces_moreConfig.cmake
[17.613s] -- Installing: /home/icemao/Documents/ROS/ROS2/ros2_learning/install/interfaces_more/share/interfaces_more/cmake/interfaces_moreConfig-version.cmake
[17.613s] -- Installing: /home/icemao/Documents/ROS/ROS2/ros2_learning/install/interfaces_more/share/interfaces_more/package.xml
[17.615s] Invoked command in '/home/icemao/Documents/ROS/ROS2/ros2_learning/build/interfaces_more' returned '0': CMAKE_PREFIX_PATH=/opt/ros/humble CONDA_PROMPT_MODIFIER=(base) /usr/bin/cmake --install /home/icemao/Documents/ROS/ROS2/ros2_learning/build/interfaces_more
