[0.215s] Invoking command in '/home/icemao/Documents/ROS/ROS2/ros2_learning/build/cpp_action': AMENT_PREFIX_PATH=/home/icemao/Documents/ROS/ROS2/ros2_learning/install/interfaces:${AMENT_PREFIX_PATH} CMAKE_PREFIX_PATH=/home/icemao/Documents/ROS/ROS2/ros2_learning/install/interfaces:/opt/ros/humble CONDA_PROMPT_MODIFIER=(base) LD_LIBRARY_PATH=/home/icemao/Documents/ROS/ROS2/ros2_learning/install/interfaces/lib:${LD_LIBRARY_PATH} PYTHONPATH=/home/icemao/Documents/ROS/ROS2/ros2_learning/install/interfaces/local/lib/python3.10/dist-packages:${PYTHONPATH} /usr/bin/cmake /home/icemao/Documents/ROS/ROS2/ros2_learning/src/cpp_action -DCMAKE_INSTALL_PREFIX=/home/icemao/Documents/ROS/ROS2/ros2_learning/install/cpp_action
[0.275s] -- The C compiler identification is GNU 11.4.0
[0.347s] -- The CXX compiler identification is GNU 11.4.0
[0.356s] -- Detecting C compiler ABI info
[0.437s] -- Detecting C compiler ABI info - done
[0.448s] -- Check for working C compiler: /usr/bin/cc - skipped
[0.448s] -- Detecting C compile features
[0.449s] -- Detecting C compile features - done
[0.453s] -- Detecting CXX compiler ABI info
[0.553s] -- Detecting CXX compiler ABI info - done
[0.566s] -- Check for working CXX compiler: /usr/bin/c++ - skipped
[0.567s] -- Detecting CXX compile features
[0.567s] -- Detecting CXX compile features - done
[0.570s] -- Found ament_cmake: 1.3.5 (/opt/ros/humble/share/ament_cmake/cmake)
[0.840s] -- Found Python3: /usr/bin/python3.10 (found version "3.10.12") found components: Interpreter 
[0.944s] -- Found interfaces: 0.0.0 (/home/icemao/Documents/ROS/ROS2/ros2_learning/install/interfaces/share/interfaces/cmake)
[0.995s] -- Found rosidl_generator_c: 3.1.5 (/opt/ros/humble/share/rosidl_generator_c/cmake)
[1.001s] -- Found rosidl_adapter: 3.1.5 (/opt/ros/humble/share/rosidl_adapter/cmake)
[1.012s] -- Found rosidl_generator_cpp: 3.1.5 (/opt/ros/humble/share/rosidl_generator_cpp/cmake)
[1.029s] -- Using all available rosidl_typesupport_c: rosidl_typesupport_fastrtps_c;rosidl_typesupport_introspection_c
[1.054s] -- Using all available rosidl_typesupport_cpp: rosidl_typesupport_fastrtps_cpp;rosidl_typesupport_introspection_cpp
[1.434s] -- Found rclcpp: 16.0.6 (/opt/ros/humble/share/rclcpp/cmake)
[1.518s] -- Found rmw_implementation_cmake: 6.1.1 (/opt/ros/humble/share/rmw_implementation_cmake/cmake)
[1.521s] -- Found rmw_fastrtps_cpp: 6.2.4 (/opt/ros/humble/share/rmw_fastrtps_cpp/cmake)
[1.656s] -- Found OpenSSL: /usr/lib/x86_64-linux-gnu/libcrypto.so (found version "3.0.2")  
[1.697s] -- Found FastRTPS: /opt/ros/humble/include  
[1.765s] -- Using RMW implementation 'rmw_fastrtps_cpp' as default
[1.778s] -- Looking for pthread.h
[1.860s] -- Looking for pthread.h - found
[1.860s] -- Performing Test CMAKE_HAVE_LIBC_PTHREAD
[1.939s] -- Performing Test CMAKE_HAVE_LIBC_PTHREAD - Success
[1.940s] -- Found Threads: TRUE  
[2.168s] -- Found rclcpp_action: 16.0.6 (/opt/ros/humble/share/rclcpp_action/cmake)
[2.212s] -- Found rclcpp_components: 16.0.6 (/opt/ros/humble/share/rclcpp_components/cmake)
[2.411s] -- Configuring done
[2.438s] -- Generating done
[2.440s] -- Build files have been written to: /home/icemao/Documents/ROS/ROS2/ros2_learning/build/cpp_action
[2.453s] Invoked command in '/home/icemao/Documents/ROS/ROS2/ros2_learning/build/cpp_action' returned '0': AMENT_PREFIX_PATH=/home/icemao/Documents/ROS/ROS2/ros2_learning/install/interfaces:${AMENT_PREFIX_PATH} CMAKE_PREFIX_PATH=/home/icemao/Documents/ROS/ROS2/ros2_learning/install/interfaces:/opt/ros/humble CONDA_PROMPT_MODIFIER=(base) LD_LIBRARY_PATH=/home/icemao/Documents/ROS/ROS2/ros2_learning/install/interfaces/lib:${LD_LIBRARY_PATH} PYTHONPATH=/home/icemao/Documents/ROS/ROS2/ros2_learning/install/interfaces/local/lib/python3.10/dist-packages:${PYTHONPATH} /usr/bin/cmake /home/icemao/Documents/ROS/ROS2/ros2_learning/src/cpp_action -DCMAKE_INSTALL_PREFIX=/home/icemao/Documents/ROS/ROS2/ros2_learning/install/cpp_action
[2.454s] Invoking command in '/home/icemao/Documents/ROS/ROS2/ros2_learning/build/cpp_action': AMENT_PREFIX_PATH=/home/icemao/Documents/ROS/ROS2/ros2_learning/install/interfaces:${AMENT_PREFIX_PATH} CMAKE_PREFIX_PATH=/home/icemao/Documents/ROS/ROS2/ros2_learning/install/interfaces:/opt/ros/humble CONDA_PROMPT_MODIFIER=(base) LD_LIBRARY_PATH=/home/icemao/Documents/ROS/ROS2/ros2_learning/install/interfaces/lib:${LD_LIBRARY_PATH} PYTHONPATH=/home/icemao/Documents/ROS/ROS2/ros2_learning/install/interfaces/local/lib/python3.10/dist-packages:${PYTHONPATH} /usr/bin/cmake --build /home/icemao/Documents/ROS/ROS2/ros2_learning/build/cpp_action -- -j16 -l16
[2.511s] [ 50%] [32mBuilding CXX object CMakeFiles/fibonacci_action_client.dir/rclcpp_components/node_main_fibonacci_action_client.cpp.o[0m
[2.511s] [ 50%] [32mBuilding CXX object CMakeFiles/fibonacci_action_server.dir/rclcpp_components/node_main_fibonacci_action_server.cpp.o[0m
[2.511s] [ 50%] [32mBuilding CXX object CMakeFiles/action_client.dir/src/fibonacci_action_client.cpp.o[0m
[2.511s] [ 50%] [32mBuilding CXX object CMakeFiles/action_server.dir/src/fibonacci_action_server.cpp.o[0m
[6.973s] [ 62%] [32m[1mLinking CXX executable fibonacci_action_client[0m
[7.038s] [ 75%] [32m[1mLinking CXX executable fibonacci_action_server[0m
[7.130s] [ 75%] Built target fibonacci_action_client
[7.190s] [ 75%] Built target fibonacci_action_server
[7.976s] [ 87%] [32m[1mLinking CXX shared library libaction_server.so[0m
[8.130s] [ 87%] Built target action_server
[8.279s] [100%] [32m[1mLinking CXX shared library libaction_client.so[0m
[8.446s] [100%] Built target action_client
[8.456s] Invoked command in '/home/icemao/Documents/ROS/ROS2/ros2_learning/build/cpp_action' returned '0': AMENT_PREFIX_PATH=/home/icemao/Documents/ROS/ROS2/ros2_learning/install/interfaces:${AMENT_PREFIX_PATH} CMAKE_PREFIX_PATH=/home/icemao/Documents/ROS/ROS2/ros2_learning/install/interfaces:/opt/ros/humble CONDA_PROMPT_MODIFIER=(base) LD_LIBRARY_PATH=/home/icemao/Documents/ROS/ROS2/ros2_learning/install/interfaces/lib:${LD_LIBRARY_PATH} PYTHONPATH=/home/icemao/Documents/ROS/ROS2/ros2_learning/install/interfaces/local/lib/python3.10/dist-packages:${PYTHONPATH} /usr/bin/cmake --build /home/icemao/Documents/ROS/ROS2/ros2_learning/build/cpp_action -- -j16 -l16
[8.483s] Invoking command in '/home/icemao/Documents/ROS/ROS2/ros2_learning/build/cpp_action': AMENT_PREFIX_PATH=/home/icemao/Documents/ROS/ROS2/ros2_learning/install/interfaces:${AMENT_PREFIX_PATH} CMAKE_PREFIX_PATH=/home/icemao/Documents/ROS/ROS2/ros2_learning/install/interfaces:/opt/ros/humble CONDA_PROMPT_MODIFIER=(base) LD_LIBRARY_PATH=/home/icemao/Documents/ROS/ROS2/ros2_learning/install/interfaces/lib:${LD_LIBRARY_PATH} PYTHONPATH=/home/icemao/Documents/ROS/ROS2/ros2_learning/install/interfaces/local/lib/python3.10/dist-packages:${PYTHONPATH} /usr/bin/cmake --install /home/icemao/Documents/ROS/ROS2/ros2_learning/build/cpp_action
[8.490s] -- Install configuration: ""
[8.490s] -- Installing: /home/icemao/Documents/ROS/ROS2/ros2_learning/install/cpp_action/lib/cpp_action/fibonacci_action_server
[8.491s] -- Set runtime path of "/home/icemao/Documents/ROS/ROS2/ros2_learning/install/cpp_action/lib/cpp_action/fibonacci_action_server" to ""
[8.491s] -- Installing: /home/icemao/Documents/ROS/ROS2/ros2_learning/install/cpp_action/lib/cpp_action/fibonacci_action_client
[8.491s] -- Set runtime path of "/home/icemao/Documents/ROS/ROS2/ros2_learning/install/cpp_action/lib/cpp_action/fibonacci_action_client" to ""
[8.491s] -- Installing: /home/icemao/Documents/ROS/ROS2/ros2_learning/install/cpp_action/lib/libaction_server.so
[8.493s] -- Set runtime path of "/home/icemao/Documents/ROS/ROS2/ros2_learning/install/cpp_action/lib/libaction_server.so" to ""
[8.493s] -- Installing: /home/icemao/Documents/ROS/ROS2/ros2_learning/install/cpp_action/lib/libaction_client.so
[8.494s] -- Set runtime path of "/home/icemao/Documents/ROS/ROS2/ros2_learning/install/cpp_action/lib/libaction_client.so" to ""
[8.494s] -- Installing: /home/icemao/Documents/ROS/ROS2/ros2_learning/install/cpp_action/share/ament_index/resource_index/package_run_dependencies/cpp_action
[8.494s] -- Installing: /home/icemao/Documents/ROS/ROS2/ros2_learning/install/cpp_action/share/ament_index/resource_index/parent_prefix_path/cpp_action
[8.494s] -- Installing: /home/icemao/Documents/ROS/ROS2/ros2_learning/install/cpp_action/share/cpp_action/environment/ament_prefix_path.sh
[8.495s] -- Installing: /home/icemao/Documents/ROS/ROS2/ros2_learning/install/cpp_action/share/cpp_action/environment/ament_prefix_path.dsv
[8.495s] -- Installing: /home/icemao/Documents/ROS/ROS2/ros2_learning/install/cpp_action/share/cpp_action/environment/path.sh
[8.495s] -- Installing: /home/icemao/Documents/ROS/ROS2/ros2_learning/install/cpp_action/share/cpp_action/environment/path.dsv
[8.495s] -- Installing: /home/icemao/Documents/ROS/ROS2/ros2_learning/install/cpp_action/share/cpp_action/local_setup.bash
[8.495s] -- Installing: /home/icemao/Documents/ROS/ROS2/ros2_learning/install/cpp_action/share/cpp_action/local_setup.sh
[8.495s] -- Installing: /home/icemao/Documents/ROS/ROS2/ros2_learning/install/cpp_action/share/cpp_action/local_setup.zsh
[8.495s] -- Installing: /home/icemao/Documents/ROS/ROS2/ros2_learning/install/cpp_action/share/cpp_action/local_setup.dsv
[8.495s] -- Installing: /home/icemao/Documents/ROS/ROS2/ros2_learning/install/cpp_action/share/cpp_action/package.dsv
[8.495s] -- Installing: /home/icemao/Documents/ROS/ROS2/ros2_learning/install/cpp_action/share/ament_index/resource_index/packages/cpp_action
[8.496s] -- Installing: /home/icemao/Documents/ROS/ROS2/ros2_learning/install/cpp_action/share/ament_index/resource_index/rclcpp_components/cpp_action
[8.496s] -- Installing: /home/icemao/Documents/ROS/ROS2/ros2_learning/install/cpp_action/share/cpp_action/cmake/cpp_actionConfig.cmake
[8.496s] -- Installing: /home/icemao/Documents/ROS/ROS2/ros2_learning/install/cpp_action/share/cpp_action/cmake/cpp_actionConfig-version.cmake
[8.496s] -- Installing: /home/icemao/Documents/ROS/ROS2/ros2_learning/install/cpp_action/share/cpp_action/package.xml
[8.498s] Invoked command in '/home/icemao/Documents/ROS/ROS2/ros2_learning/build/cpp_action' returned '0': AMENT_PREFIX_PATH=/home/icemao/Documents/ROS/ROS2/ros2_learning/install/interfaces:${AMENT_PREFIX_PATH} CMAKE_PREFIX_PATH=/home/icemao/Documents/ROS/ROS2/ros2_learning/install/interfaces:/opt/ros/humble CONDA_PROMPT_MODIFIER=(base) LD_LIBRARY_PATH=/home/icemao/Documents/ROS/ROS2/ros2_learning/install/interfaces/lib:${LD_LIBRARY_PATH} PYTHONPATH=/home/icemao/Documents/ROS/ROS2/ros2_learning/install/interfaces/local/lib/python3.10/dist-packages:${PYTHONPATH} /usr/bin/cmake --install /home/icemao/Documents/ROS/ROS2/ros2_learning/build/cpp_action
